
<mediawiki xmlns="http://www.mediawiki.org/xml/export-0.7/" xmlns:xsi="http://www.w3.org/2001/XMLSchema-instance" xsi:schemaLocation="http://www.mediawiki.org/xml/export-0.7/ http://www.mediawiki.org/xml/export-0.7.xsd" version="0.7" xml:lang="vi">
  <siteinfo>
    <sitename>Wiktionary</sitename>
    <base>http://vi.wiktionary.org/wiki/Trang_Ch%C3%ADnh</base>
    <generator>MediaWiki 1.20wmf8</generator>
    <case>case-sensitive</case>
    <namespaces>
      <namespace key="-2" case="case-sensitive">Phương tiện</namespace>
      <namespace key="-1" case="first-letter">Đặc biệt</namespace>
      <namespace key="0" case="case-sensitive" />
      <namespace key="1" case="case-sensitive">Thảo luận</namespace>
      <namespace key="2" case="first-letter">Thành viên</namespace>
      <namespace key="3" case="first-letter">Thảo luận Thành viên</namespace>
      <namespace key="4" case="case-sensitive">Wiktionary</namespace>
      <namespace key="5" case="case-sensitive">Thảo luận Wiktionary</namespace>
      <namespace key="6" case="case-sensitive">Tập tin</namespace>
      <namespace key="7" case="case-sensitive">Thảo luận Tập tin</namespace>
      <namespace key="8" case="first-letter">MediaWiki</namespace>
      <namespace key="9" case="first-letter">Thảo luận MediaWiki</namespace>
      <namespace key="10" case="case-sensitive">Bản mẫu</namespace>
      <namespace key="11" case="case-sensitive">Thảo luận Bản mẫu</namespace>
      <namespace key="12" case="case-sensitive">Trợ giúp</namespace>
      <namespace key="13" case="case-sensitive">Thảo luận Trợ giúp</namespace>
      <namespace key="14" case="case-sensitive">Thể loại</namespace>
      <namespace key="15" case="case-sensitive">Thảo luận Thể loại</namespace>
    </namespaces>
  </siteinfo>
  <page>
    <title>plongée</title>
    <ns>0</ns>
    <id>46869</id>
    <revision>
      <id>1371515</id>
      <parentid>1046640</parentid>
      <timestamp>2011-12-19T12:15:20Z</timestamp>
      <contributor>
        <username>Luckas-bot</username>
        <id>2824</id>
      </contributor>
      <minor/>
      <comment>r2.7.2) (Bot: Thêm [[ko:plongée]]</comment>
      <sha1>rviozrq7n6gwu0r1raer1jyia44eet9</sha1>
      <text xml:space="preserve" bytes="631">{{-fra-}}
{{-pron-}}
* [[Wiktionary:IPA|IPA]]: {{IPA|/plɔ̃.ʒe/}}

{{-noun-}}
{{fra-noun|
s=plongée|p=plongées|
sp=/plɔ̃.ʒe/|pp=/plɔ̃.ʒe/}}
'''plongée''' {{f}} {{IPA|/plɔ̃.ʒe/}}
# [[sự|Sự]] [[lặn]].
#: ''La '''plongée''' d’un sous-marin'' —  sự lặn của tàu ngầm
# {{term|Điện ảnh}} [[sự|Sự]] [[quay]] [[chúc]] [[máy]].

{{-ref-}}
{{R:FVDP}}


[[Thể loại:Danh từ tiếng Pháp|plongee]]
[[Thể loại:Mục từ tiếng Pháp|plongee]]

[[de:plongée]]
[[el:plongée]]
[[en:plongée]]
[[et:plongée]]
[[fi:plongée]]
[[fr:plongée]]
[[io:plongée]]
[[ko:plongée]]
[[pt:plongée]]</text>
    </revision>
  </page>
</mediawiki>

