
<mediawiki xmlns="http://www.mediawiki.org/xml/export-0.7/" xmlns:xsi="http://www.w3.org/2001/XMLSchema-instance" xsi:schemaLocation="http://www.mediawiki.org/xml/export-0.7/ http://www.mediawiki.org/xml/export-0.7.xsd" version="0.7" xml:lang="fr">
  <siteinfo>
    <sitename>Wiktionnaire</sitename>
    <base>http://fr.wiktionary.org/wiki/Wiktionnaire:Page_d%E2%80%99accueil</base>
    <generator>MediaWiki 1.20wmf6</generator>
    <case>case-sensitive</case>
    <namespaces>
      <namespace key="-2" case="case-sensitive">Média</namespace>
      <namespace key="-1" case="first-letter">Spécial</namespace>
      <namespace key="0" case="case-sensitive" />
      <namespace key="1" case="case-sensitive">Discussion</namespace>
      <namespace key="2" case="first-letter">Utilisateur</namespace>
      <namespace key="3" case="first-letter">Discussion utilisateur</namespace>
      <namespace key="4" case="case-sensitive">Wiktionnaire</namespace>
      <namespace key="5" case="case-sensitive">Discussion Wiktionnaire</namespace>
      <namespace key="6" case="case-sensitive">Fichier</namespace>
      <namespace key="7" case="case-sensitive">Discussion fichier</namespace>
      <namespace key="8" case="first-letter">MediaWiki</namespace>
      <namespace key="9" case="first-letter">Discussion MediaWiki</namespace>
      <namespace key="10" case="case-sensitive">Modèle</namespace>
      <namespace key="11" case="case-sensitive">Discussion modèle</namespace>
      <namespace key="12" case="case-sensitive">Aide</namespace>
      <namespace key="13" case="case-sensitive">Discussion aide</namespace>
      <namespace key="14" case="case-sensitive">Catégorie</namespace>
      <namespace key="15" case="case-sensitive">Discussion catégorie</namespace>
      <namespace key="100" case="case-sensitive">Annexe</namespace>
      <namespace key="101" case="case-sensitive">Discussion Annexe</namespace>
      <namespace key="102" case="case-sensitive">Transwiki</namespace>
      <namespace key="103" case="case-sensitive">Discussion Transwiki</namespace>
      <namespace key="104" case="case-sensitive">Portail</namespace>
      <namespace key="105" case="case-sensitive">Discussion Portail</namespace>
      <namespace key="106" case="case-sensitive">Thésaurus</namespace>
      <namespace key="107" case="case-sensitive">Discussion Thésaurus</namespace>
      <namespace key="108" case="case-sensitive">Projet</namespace>
      <namespace key="109" case="case-sensitive">Discussion Projet</namespace>
    </namespaces>
  </siteinfo>
  <page>
    <title>baguette</title>
    <ns>0</ns>
    <id>104879</id>
    <revision>
      <id>10700382</id>
      <parentid>10476895</parentid>
      <timestamp>2012-06-13T19:11:41Z</timestamp>
      <contributor>
        <username>GaAsBot</username>
        <id>38095</id>
      </contributor>
      <comment>/* {{=fr=}} */remplacement du modèle:est (conflit ISO639), replaced: {{est|Ce dessin|de Marie Laurencin}} → Ce dessin [de Marie Laurencin] using [[Project:AWB|AWB]]</comment>
      <sha1>sakee4s0eep3iivuoh76yh7xc5g6s8e</sha1>
      <text xml:space="preserve" bytes="7270">{{voir|Baguette|baguetté}}
== {{=fr=}}==
{{-étym-}}
: De l’{{étyl|it|fr}} ''[[bacchetta]]'', issu probablement du latin [[baculum]] (bâton) par l'intermédiaire d'un latin vulgaire baccus issu de bacculus.

{{-nom-|fr}}
{{fr-rég|ba.ɡɛt}}
[[Image:Baguettes_Patissiere_Amandine.jpg|thumb|140px|'''Baguettes''' de pain (3)]]
[[Image:Ouashi.jpg|thumb|Des '''baguettes''' (7)]]
'''baguette''' {{pron|ba.ɡɛt|fr}} {{f}}
# Petit [[bâton]] [[mince]], [[plus ou moins]] [[long]] et [[flexible]].
#* ''[…] ; on coupa des '''baguettes''' et l’on chercha des perches légères, mais aucune ne se trouva être assez grande pour atteindre la grenouille, qui bâillait toujours, la gueule ouverte, sur sa feuille de nénuphar.'' {{source|{{w|Louis Pergaud}}, ''[[s:Un sauvetage|Un sauvetage]]'', dans ''{{w|Les Rustiques, nouvelles villageoises}}'', 1921}} 
#* ''Plusieurs coups de '''baguette''' assénés sèchement par le chef d'orchestre sur son pupitre interrompirent le colloque.'' {{source|{{w|Francis Carco}}, ''L'Homme de Minuit'', 1938}}
# {{histoire|fr}} {{militaire|fr}} [[tige|Tige]] de [[fer]] qui [[servait]] à [[bourrer]] une [[arme à feu]].
# {{France|fr}} [[pain|Pain]] [[long]] et [[croustillant]].
# {{France|fr}} {{term|en particulier en région parisienne}} Baguette (pain long) d’[[environ]] 250 [[gramme]]s.
# {{menuiserie|fr}} [[divers|Diverses]] [[sorte]]s de [[moulure]]s. — {{particulier}} Celle qui sert à l’[[encadrement]].
#* ''Ce dessin [de Marie Laurencin] est ravissant et extrêmement touchant, faites-lui mettre une petite '''baguette''' très étroite et un verre.'' {{source|[[w:Guillaume Apollinaire|Guillaume Apollinaire]], Lettre à Madeleine Pagès, 25 août 1915.}}
# {{musique|fr}} Petit bâton pour [[frapper]] un [[instrument]] à [[percussion]] ([[tambour]], [[timbale]], etc.)
# {{cuisine|fr}} Tige que l’on [[utilise]] par [[deux]] pour [[saisir]] les [[aliment]]s, [[traditionnellement]] en [[Extrême-Orient]].
# {{arts|fr}} [[organe|Organe]] d’une [[machine]] [[en forme de]] baguette.
#* ''Sur le châssis on trouve (fig. 53):&lt;br&gt;2° La virgule ''B'' qui actionne la '''baguette''' et la contre-baguette au moment du dépointage et limite cette dernière période.'' {{source|D. de Prat, ''Nouveau manuel complet de filature; 1{{ère}} partie: Fibres animales &amp; minérales'', Encyclopédie Roret, 1914}}

{{-syn-}}
; Petit bâton mince :
* [[bâton]]
* [[houssine]]
* [[verge]]
; Pain long de 250 grammes
* [[petite baguette]]

{{-drv-}}
* [[baguette d’arquebuse]] (barre de fer, de bois, de baleine, ou d’autre matière, dont on se servait pour enfoncer et presser la charge qu’on mettait dans le canon de ces armes)
* [[baguette de campagne]]
* [[baguette de fusée volante]] (baguette qu’on attache à une fusée volante pour la faire monter en ligne droite)
* [[baguette de sourcier]] (baguette de coudrier fourchue avec laquelle certaines gens prétendent découvrir les mines, les sources d’eau, la trace d’un voleur, d’un assassin)
* [[baguettes de tambour]] (petits bâtons courts avec lesquels on bat la caisse)
* [[baguette divinatoire]] (baguette de coudrier fourchue avec laquelle certaines gens prétendent découvrir les mines, les sources d’eau, la trace d’un voleur, d’un assassin)
* [[baguette magique]] (baguette avec laquelle les magiciens et les fées sont censés faire leurs enchantements)
* [[commander à la baguette]] (commander avec hauteur et dureté)
* [[grosse baguette]]
* [[mener à la baguette]] (commander avec hauteur et dureté)
* [[passer par les baguettes]] (dans l’armée, punir en frappant par les verges)
* [[petite baguette]]

{{-trad-}}
{{trad-début|Petit bâton mince}}
* {{T|eo}} : {{trad+|eo|vergo}}
{{trad-fin}}
{{trad-début|Tige de fer servant à bourrer une arme à feu}}
* {{T|cs}} : {{trad-|cs|bageta}}
{{trad-fin}}
{{trad-début|Pain long et croustillant}}
* {{T|en}} : {{trad+|en|baguette}}
* {{T|es}} : {{trad+|es|baguette}}, {{trad+|es|baguete}}
{{trad-fin}}
{{trad-début|Pain long et croustillant de 250 grammes}}
* {{T|en}} : {{trad+|en|baguette}}
* {{T|es}} : {{trad+|es|baguette}}, {{trad+|es|baguete}}
{{trad-fin}}
{{trad-début|Diverses sortes de moulures}}
* {{T|ru}} : {{trad+|ru|багет}}
{{trad-fin}}
{{trad-début|Petit bâton pour frapper un instrument à percussion}}
{{trad-fin}}
{{trad-début|Tige que l’on utilise par deux pour saisir les aliments}}
* {{T|en}} : {{trad+|en|chopstick}}
* {{T|zh}} : {{trad+|zh|筷子|R=kuàizi}}
* {{T|ko}} : {{trad+|ko|젓가락|R=jeotgarak}}
* {{T|es}} : {{trad+|es|palillo}}
* {{T|eo}} : {{trad-|eo|haŝio}}
* {{T|id}} : {{trad+|id|sumpit}}
* {{T|ja}} : {{trad+|ja|箸|R=hashi|sc=Jpan}}, {{trad-|ja|お箸|R=ohashi|sc=Jpan}}
* {{T|th}} : {{trad-|th|ตะเกียบ|R=takìap}}
* {{T|vi}} : {{trad+|vi|đũa}}
{{trad-fin}}

{{trad-trier}}
{{trad-début}}
* {{T|de|trier}} : {{trad+|de|Baguette}} {{n}}, {{trad-|de|Gerte}}, {{trad+|de|Rute}}
* {{T|en|trier}} : {{trad+|en|rod}}, {{trad+|en|switch}}, {{trad+|en|wand}}, {{trad+|en|birch}}, {{trad+|en|sprig}}, {{trad+|en|staff}}, {{trad+|en|twig}}
* {{T|ca|trier}} : {{trad+|ca|verga}}
* {{T|es|trier}} : {{trad+|es|verga}}, {{trad+|es|vara}}, {{trad-|es|palmeta}}
* {{T|fo|trier}} : {{trad+|fo|rís}}, {{trad-|fo|greinar}}
* {{T|io|trier}} : {{trad+|io|vergo}}, {{trad-|io|vergeto}}
* {{T|it|trier}} : {{trad-|it|bachetta}}
* {{T|nl|trier}} : {{trad-|nl|gard}}, {{trad+|nl|stokje}}, {{trad+|nl|roede}}, {{trad-|nl|spitsroede}}
* {{T|pt|trier}} : {{trad+|pt|vara}}, {{trad+|pt|verga}}, {{trad-|pt|vergasta}}
{{trad-fin}}

{{-hyper-}}
; Pain long
* [[pain]]

{{-hypo-}}
; Pain long
* [[baguette à l’ancienne]]
* [[baguette de campagne]]
* [[baguette viennoise]]
* [[bâtard]]
* [[ficelle]]
* [[flûte]]
* [[grosse baguette]]
* [[petite baguette]]

{{-flex-verb-|fr}}
{{fr-verbe-flexion|baguetter|ind.p.1s=oui|ind.p.3s=oui|sub.p.1s=oui|sub.p.3s=oui|imp.p.2s=oui}}
'''baguette''' {{pron|ba.ɡɛt|fr}}
# ''Première personne du singulier de l’indicatif présent du verbe'' [[baguetter]].
# ''Troisième personne du singulier de l’indicatif présent du verbe'' [[baguetter]].
# ''Première personne du singulier du subjonctif présent du verbe'' [[baguetter]].
# ''Troisième personne du singulier du subjonctif présent du verbe'' [[baguetter]].
# ''Deuxième personne du singulier de l’impératif du verbe'' [[baguetter]].

{{-pron-}}
* {{pron|ba.ɡɛt|fr}}
* {{pron-rég|France &lt;!--  précisez svp la ville ou la région --&gt;|ba.ɡɛt|audio=Fr-baguette.ogg}}

{{-voir-}}
* {{WP}}

{{-réf-}}
* {{Import:DAF8}}

== {{=en=}} ==
{{-étym-}}
: Du français ''[[#fr|baguette]]''.

{{-nom-|en}}
{{en-nom-rég|bæ.ˈɡɛt|s=s}}
'''baguette''' {{pron|bæ.ˈɡɛt|en}}
# [[baguette#fr|Baguette]].

{{-voir-}}
* {{WP|3=en}}

== {{=es=}} ==
{{-étym-}}
: {{ébauche-étym|es}}

{{-nom-|es}}
'''baguette''' {{f|es}}
# [[baguette#fr|Baguette]].

{{-var-ortho-}}
* {{lien|baguete|es}}

{{-voir-}}
* {{WP|3=es}}

[[br:baguette]]
[[cs:baguette]]
[[de:baguette]]
[[el:baguette]]
[[en:baguette]]
[[es:baguette]]
[[et:baguette]]
[[fi:baguette]]
[[hu:baguette]]
[[io:baguette]]
[[ko:baguette]]
[[li:baguette]]
[[mg:baguette]]
[[no:baguette]]
[[pl:baguette]]
[[ru:baguette]]
[[sv:baguette]]
[[vi:baguette]]
[[zh:baguette]]</text>
    </revision>
  </page>
</mediawiki>

