
<mediawiki xmlns="http://www.mediawiki.org/xml/export-0.7/" xmlns:xsi="http://www.w3.org/2001/XMLSchema-instance" xsi:schemaLocation="http://www.mediawiki.org/xml/export-0.7/ http://www.mediawiki.org/xml/export-0.7.xsd" version="0.7" xml:lang="en">
  <siteinfo>
    <sitename>Wiktionary</sitename>
    <base>http://en.wiktionary.org/wiki/Wiktionary:Main_Page</base>
    <generator>MediaWiki 1.20wmf9</generator>
    <case>case-sensitive</case>
    <namespaces>
      <namespace key="-2" case="case-sensitive">Media</namespace>
      <namespace key="-1" case="first-letter">Special</namespace>
      <namespace key="0" case="case-sensitive" />
      <namespace key="1" case="case-sensitive">Talk</namespace>
      <namespace key="2" case="first-letter">User</namespace>
      <namespace key="3" case="first-letter">User talk</namespace>
      <namespace key="4" case="case-sensitive">Wiktionary</namespace>
      <namespace key="5" case="case-sensitive">Wiktionary talk</namespace>
      <namespace key="6" case="case-sensitive">File</namespace>
      <namespace key="7" case="case-sensitive">File talk</namespace>
      <namespace key="8" case="first-letter">MediaWiki</namespace>
      <namespace key="9" case="first-letter">MediaWiki talk</namespace>
      <namespace key="10" case="case-sensitive">Template</namespace>
      <namespace key="11" case="case-sensitive">Template talk</namespace>
      <namespace key="12" case="case-sensitive">Help</namespace>
      <namespace key="13" case="case-sensitive">Help talk</namespace>
      <namespace key="14" case="case-sensitive">Category</namespace>
      <namespace key="15" case="case-sensitive">Category talk</namespace>
      <namespace key="90" case="case-sensitive">Thread</namespace>
      <namespace key="91" case="case-sensitive">Thread talk</namespace>
      <namespace key="92" case="case-sensitive">Summary</namespace>
      <namespace key="93" case="case-sensitive">Summary talk</namespace>
      <namespace key="100" case="case-sensitive">Appendix</namespace>
      <namespace key="101" case="case-sensitive">Appendix talk</namespace>
      <namespace key="102" case="case-sensitive">Concordance</namespace>
      <namespace key="103" case="case-sensitive">Concordance talk</namespace>
      <namespace key="104" case="case-sensitive">Index</namespace>
      <namespace key="105" case="case-sensitive">Index talk</namespace>
      <namespace key="106" case="case-sensitive">Rhymes</namespace>
      <namespace key="107" case="case-sensitive">Rhymes talk</namespace>
      <namespace key="108" case="case-sensitive">Transwiki</namespace>
      <namespace key="109" case="case-sensitive">Transwiki talk</namespace>
      <namespace key="110" case="case-sensitive">Wikisaurus</namespace>
      <namespace key="111" case="case-sensitive">Wikisaurus talk</namespace>
      <namespace key="114" case="case-sensitive">Citations</namespace>
      <namespace key="115" case="case-sensitive">Citations talk</namespace>
      <namespace key="116" case="case-sensitive">Sign gloss</namespace>
      <namespace key="117" case="case-sensitive">Sign gloss talk</namespace>
    </namespaces>
  </siteinfo>
  <page>
    <title>dog</title>
    <ns>0</ns>
    <id>3649675</id>
    <revision>
      <id>17164429</id>
      <parentid>17164376</parentid>
      <timestamp>2012-07-29T06:52:43Z</timestamp>
      <contributor>
        <username>Amir Hamzah 2008</username>
        <id>599942</id>
      </contributor>
      <comment>t+mak:[[asu]] t+mdr:[[asu]] t+rob:[[asu]] t+bgz:[[asu]] t+tnt:[[asu]] t+sxn:[[asu]] t+ban:[[asu]] t+ljp:[[asu]] t+gay:[[asu]] t+bbc:[[asu]] ([[WT:EDIT|Assisted]])</comment>
      <sha1>0aqds3om7w6mz79djqnq1pbnb7a34t8</sha1>
      <text xml:space="preserve" bytes="40440">{{also|DOG|dög}}
==English==
{{slim-wikipedia}}
[[Image:YellowLabradorLooking.jpg|thumb|A dog (a [[Labrador retriever]])]]

===Alternative forms===
* [[darg]], [[dawg]] {{qualifier|dialectical}}; [[doggie]], [[doggy]] {{qualifier|childish}}

===Pronunciation===
* {{a|RP}} {{IPA|/dɒɡ/}}, {{X-SAMPA|/dQg/}}
* {{a|US}} {{IPA|/dɔɡ/}}, {{X-SAMPA|/dOg/}}
* {{a|US}} also {{IPA|/dɑɡ/}}, {{X-SAMPA|/dAg/}}
* {{audio|en-us-dog.ogg|Audio (US)}}
* {{audio|En-uk-a dog.ogg|Audio (UK)}}
* {{rhymes|ɒɡ}}

===Etymology===
From {{etyl|enm}} {{term|dogge|lang=enm}}, from {{etyl|ang}} {{term|docga|lang=ang||hound, powerful breed of dog}}, a pet-form diminutive of {{etyl|ang|-}} {{recons|docce|docce|lang=ang|muscle}} (found in compound {{term|fingerdocce||lang=ang|finger-muscle}} with suffix {{term|-ga|-ga|lang=ang}} (compare {{term|frocga||lang=ang|frog}}, {{term|picga||lang=ang|pig}}), from {{proto|Germanic|dukkōn|power, strength, muscle|lang=en}}. More at [[dock]]. In the 16th century, it superseded {{etyl|ang|-}} {{term|hund|lang=ang}} and was adopted by many continental European languages.

===Noun===
{{en-noun}}

# An animal, member of the genus ''[[Canis]]'' (probably descended from the common [[wolf]]) that has been [[domesticated]] for thousands of years; occurs in many breeds. Scientific name: ''[[Canis lupus familiaris]]''.
#: ''The '''dog''' barked all night long.''
# A male dog, [[wolf]] or [[fox]], as opposed to a [[bitch]] (a female dog, wolf or fox).
# {{derogatory}} A dull, unattractive [[girl]] or [[woman]].
#: ''She’s a real '''dog'''.''
# {{slang}} A [[man]].
#: ''You lucky '''dog'''!''
# {{slang}} A [[coward]]
#: ''Come back and fight you '''dogs'''!''
# {{derogatory}} Someone who is morally reprehensible.
#: ''You dirty '''dog'''.''
#* '''1599''' — Robert Greene, ''Alphonsus, King of Aragon'' (1599). Act 3.
#*: Blasphemous '''dog''', I wonder that the earth
#*: Doth cease from renting vnderneath thy feete,
#*: To swallow vp those cankred corpes of thine.
# Any of various mechanical devices for holding, gripping, or fastening something, particularly with a tooth-like projection.
# &quot;A click or pallet adapted to engage the teeth of a ratchet-wheel, to restrain the back action; a click or pawl.&quot; (See also: [[ratchet]], [[windlass]])
#: '''1897''' ''Universal Dictionary of the English Language'', Robert Hunter and Charles Morris, eds., v2 p1700.
# A metal support for [[log]]s in a fireplace.
#: ''The '''dogs''' were too hot to touch.''
#* '''1902''', [[w:Arthur Conan Doyle|Arthur Conan Doyle]], ''[[s:The Hound of the Baskervilles|The Hound of the Baskervilles]]''
#*: In the great old-fashioned fireplace behind the high iron '''dogs''' a log-fire crackled and snapped.
# A [[hot dog]].
# {{poker|_|slang}} [[underdog|Underdog]]
# {{slang|almost always|_|in the plural}} [[foot|feet]].
#: &quot;My '''dogs''' are barking!&quot; meaning &quot;My feet hurt!&quot;

====Synonyms====
* {{sense|scientific names of animal}} ''[[Canis familiaris]]'', ''[[Canis domesticus]]'', ''Canis familiarus domesticus'', ''[[Canis canis]]'', ''Canis aegyptius'', ''Canis familiarus aegyptius'', ''Canis melitaeus'', ''Canis familiarus melitaeus'', ''Canis molossus'', ''Canis familiarus molossus'', ''Canis saultor'', ''Canis familiaris saultor''
* {{sense|animal}} See also [[Wikisaurus:dog]], [[domestic dog]], [[hound]], [[canine]]
* {{sense|man}} See also [[Wikisaurus:man]], [[bloke]] {{qualifier|British}}, [[chap]] {{qualifier|British}}, [[dude]], [[fellow]], [[guy]], [[man]]
* {{sense|morally reprehensible person}} [[cad]], [[bounder]], [[blackguard]], [[fool]], [[hound]], [[heel]], [[scoundrel]]
* {{sense|mechanical device}} [[click]], [[detent]], [[pawl]]
* {{sense|metal support for logs}} [[andiron]], [[firedog]], [[dogiron]]

====Coordinate terms====
* {{sense|male adult dog}} [[bitch]], [[pup]], [[puppy]]

====Hyponyms====
* {{sense|animal}} [[Afghan hound]], [[bloodhound]], [[chihuahua]], [[coonhound]], [[dachshund]], [[deerhound]], [[foxhound]], [[gazehound]], [[German shepherd]], [[greyhound]], [[hound]], [[Irish Wolfhound]], [[Norwegian Elkhound]], [[otterhound]], [[pointer]], [[poodle]], [[retriever]], [[Russian Wolfhound]], [[scenthound]], [[setter]], [[sheepdog]], [[shepherd]], [[sighthound]], [[spaniel]], [[staghound]], [[terrier]], [[wolfhound]]

====Hypernyms====
* {{sense|animal}} [[canid]]

====Derived terms====
{{rel-top3|Terms derived from ''dog'' (noun)}}
* [[a dog's chance]]
* [[a dog's breakfast]]
* [[a dog's dinner]]
* [[a dog's life]]
* [[Alsatian dog]]
* [[as sick as a dog]]
* [[assistance dog]]
* [[attack dog]]
* [[avalanche dog]]
* [[avalanche rescue dog]]
* [[barking dogs seldom bite]]
* [[be like a dog with two tails]]
* [[be top dog]]
* [[be top the dog]]
* [[Beware of dog!]]
* [[Beware of the dog!]]
* [[Big Dog]]
* [[bird dog]]
* [[bottom dog]]
* [[brace of dogs]]
* [[bulldog]]
* [[bulldog breeder]]
* [[cadaver dog]]
* [[Canaan dog]]
* [[cash-sniffing dog]]
* [[cat-and-dog]]
* [[cattle dog]]
* [[clever old dog]]
* [[companion dog]]
* [[corndog]]
* [[cunning dog]]
* [[designer dog]]
* [[diner's dog]]
* [[dirty dog]]
* [[dog accessories]]
* [[dog accessory]]
* [[dog act]]
* [[dog and pony show]]
* [[dog-ape]], [[dog ape]]
* [[dog ass]]
* [[dog attack]]
* [[dog bed]]
* [[dogbane]]
* [[dogbane family]]
* [[dog basket]]
* [[dogberry]]
* [[Dogberry]]
* [[dogberryism]], [[Dogberryism]]
* [[dog biscuit]]
* [[dog-bite]], [[dog bite]]
* [[dog-bludgeoner]]
* [[dog book]]
* [[dog bootie]]
* [[dog booties]]
* [[dog bowl]]
* [[dog box]]
* [[dog breed]]
* [[dog breeder]]
* [[dog breeding]]
* [[dog cadaver]]
* [[dog care]]
* [[dogcart]]
* [[dogcatcher]], [[dog-catcher]]
* [[dogcatching]]
* [[dogcheap]]
* [[dog claw]]
* [[dog clothes]]
* [[dog clothing]]
* [[dog club]]
* [[dog clutch]]
* [[dog coat]]
* [[dog collar]]
* [[dog coupling]]
* [[dog crate]]
* [[dog curtain]]
* [[dog daisy]]
* [[dog dander]]
* [[dog dandruff]]
* [[dog-day cicada]]
* [[dog days]]
* [[dog diabetes]]
* [[dog dirt]]
* [[dogdom]]
* [[dog-doo]]
* [[dog door]]
* [[dog-ear]], [[dog ear]]
* [[dog-eared]]
* [[dog-eared book]]
* [[dog-eared magazine]]
* [[dog eat dog]]
* [[dog-eat-dog]]
* [[dog-eat-dog society]]
* [[dog-end]]
* [[dog excrement]]
* [[dogface]]
* [[dog faeces]]
* [[dog family]]
* [[dog fancier]]
* [[dog fancy]]
* [[dog fancying]]
* [[dog fashion]]
* [[dog feces]]
* [[dog fennel]]
* [[dogfight]]
* [[dogfish]]
* [[dog flap]]
* [[dog flea]]
* [[dog flu]]
* [[dogfood]], [[dog-food]], [[dog food]]
* [[dog fox]]
* [[dogfought]]
* [[dog-friendly]]
* [[dog eat dog]]
* [[dog figurine]]
* [[dog fly]]
* [[dog fouling]]
* [[dogged]]
* [[dogged it]]
* [[doggedly]]
* [[doggedness]]
* [[dogger]]
* [[doggerel]], [[doggrel]], [[dogrel]]
* [[doggerel rhyme]]
* [[doggerel verse]]
* [[doggery]]
* [[doggie]]
* [[doggie do]]
* [[doggie door]]
* [[doggie paddle]]
* [[doggie-paddle]]
* [[doggie position]]
* [[doggier]]
* [[doggiest]]
* [[dogging]]
* [[doggish]]
* [[doggishly]]
* [[doggishness]]
* [[doggone]]
* [[doggoned]]
{{rel-mid3}}
* [[doggonedest]]
* [[doggrel]]
* [[dog groomer]]
* [[dog grooming]]
* [[doggy]]
* [[doggy bag]]
* [[doggy door]]
* [[doggy paddle]]
* [[doggy-paddle]]
* [[doggy person]]
* [[doggystyle]], [[doggy-style]]
* [[doggystyle position]]
* [[dog hair]]
* [[dog handler]]
* [[dog harness]]
* [[doghead]]
* [[dog-headed]]
* [[dog hook]]
* [[doghouse]], [[dog house]]
* [[dog hutch]]
* [[dog influenza]]
* [[dog in the manger]]
* [[dog-in-the-manger]]
* [[dogiron]]
* [[dog it]]
* [[dog kennel]]
* [[dog killer]] ( = [[canicide]])
* [[dog Latin]], [[Dog Latin]]
* [[dog lead]], [[dog-lead]]
* [[dog leash]], [[dog-leash]]
* [[dogleg]]
* [[dogleg fence]]
* [[doglegged]]
* [[dog-legged stair]]
* [[doglegging]]
* [[dogleg jack]]
* [[dog-leg stair]]
* [[dogless]]
* [[dog licence]]
* [[dog licence disc]]
* [[dog licence fee]]
* [[doglike]]
* [[doglike devotion]]
* [[dogling]]
* [[dogly]]
* [[dog lover]]
* [[dog magazine]]
* [[dog minder]]
* [[dog minding]]
* [[dog muzzle]]
* [[dog my cats]]
* [[dog nail]]
* [[dognap]]
* [[dognaped]]
* [[dognaper]]
* [[dognaping]]
* [[dognapped]]
* [[dognapper]]
* [[dognapping]]
* [[dognapping]]
* [[dognaps]]
* [[dog owner]]
* [[dog ownership]]
* [[dog pack]]
* [[dogpaddle]]
* [[dogpaddling]]
* [[dog paddle]]
* [[dog park]]
* [[dog parlor]]
* [[dog parlour]]
* [[dog patrol]]
* [[dog pen]]
* [[dog person]]
* [[dogpile]]
* [[dog poop]]
* [[dog pooper scooper]], [[dog pooper-scooper]]
* [[dog poop scoop]]
* [[dogpoor]]
* [[dog portrait]]
* [[dog pound]]
* [[dog puppy]]
* [[dog racing]]
* [[dogrel]]
* [[dog robber]]
* [[dog run]]
* [[dogs]]
* [[dog salmon]]
* [[dogsbodied]]
* [[dogsbodies]]
* [[dogsbodying]]
* [[dogsbody]]
* [[dog's breakfast]]
* [[dog screw]]
* [[dog's dinner]]
* [[dog's dirt]]
* [[dog's disease]]
* [[dog's ear]]
* [[dogshit]], [[dog shit]]
* [[dogshore]]
* [[dog show]]
* [[dog showing]]
* [[dogsitter]], [[dog-sitter]], [[dog sitter]]
* [[dogsitting]], [[dog-sitting]], [[dog sitting]]
* [[dog skull]]
* [[dogsled]], [[dog-sled]], [[dog sled]]
* [[dogsledder]], [[dog-sledder]], [[dog sledder]]
* [[dogsledding]], [[dog-sledding]], [[dog sledding]]
* [[dog sledge]], [[dog-sledge]]
* [[dog sleigh]]
* [[dog's letter]]
* [[dog's life]]
* [[dog's meat]]
* [[dog's mess]]
* [[dog's mercury]]
* [[dog's muck]]
* [[dog's muzzle]]
* [[dog's nose]]
* [[dog somebody's steps]]
* [[dog's paw]]
* [[dog speak]]
* [[dog spike]]
* [[dog sport]]
* [[dog's skull]]
* [[dog's tail]]
* [[dog's-tail]]
* [[Dog Star]]
* [[dog's tongue]]
* [[dog's-tongue]]
* [[dog's-tooth]]
* [[dog's-tooth check]]
* [[dog tag]]
* [[dog tapeworm]]
* [[dog tax]]
* [[dog team]] / [[team of dogs]]
* [[dog tick]]
* [[dog-tired]]
* [[dogtooth]], [[dog tooth]]
* [[dogtooth check]]
* [[dogtooth violet]]
* [[dog track]]
* [[dog train]]
{{rel-mid3}}
* [[dog trainer]]
* [[dog training]]
* [[dog training school]]
* [[dog treat]]
* [[dog treats]]
* [[dogtrot]]
* [[dog tucker]]
* [[dog turd]]
* [[dogvane]]
* [[dog violet]]
* [[dog walk]]
* [[dogwalker]], [[dog-walker]], [[dog walker]]
* [[dogwalking]], [[dog-walking]], [[dog walking]]
* [[dog warden]]
* [[dogwash]]
* [[dogwatch]], [[dog watch]]
* [[dog whelk]]
* [[dogwhip]], [[dog-whip]]
* [[dog whisperer]]
* [[dog whistle]], [[dog-whistle]]
* [[dogwood]]
* [[dogwood family]]
* [[dogwood winter]]
* [[dog work]]
* [[dog world]]
* [[dog year]]
* [[Dog Years]]
* [[domestic dog]]
* [[domesticated dog]]
* [[double dog dare]]
* [[European dogwood]]
* [[every dog has its day]]
* [[feral dog]]
* [[firedog]], [[fire dog]]
* [[fogdog]]
* [[four-legged dog]]
* [[give a dog a bad name]]
* [[give a dog a bad name and hang him]]
* [[go to the dogs]]
* [[Greater Dog]]
* [[guard dog]]
* [[guide dog]]
* [[gun dog]]
* [[hair of the dog]]
* [[hearing-ear dog]]
* [[hotdog]], [[hot dog]]
* [[hot-dog]]
* [[hot-dogged]]
* [[hotdogger]], [[hot-dogger]]
* [[hot-dogs]]
* [[house dog]]
* [[hunting dog]]
* [[in a dog's age]]
* [[in the dog box]]
* [[in the doghouse]]
* [[it is easy to find a stick to beat a dog]]
* [[junkyard dog]]
* [[lapdog]], [[lap dog]]
* [[lazy dog]]
* [[lead a dog's life]]
* [[lead dog]]
* [[Lesser Dog]]
* [[let sleeping dogs lie]]
* [[lie doggo]]
* [[like a dog]]
* [[like a dog in heat]] / [[like a dog on heat]]
* [[like a dog's dinner]]
* [[like a dog with a bone]]
* [[little dog]]
* [[Little Dog]]
* [[lucky dog]]
* [[mad dog]]
* [[mountain dog]]
* [[one-legged dog]]
* [[pedigree dog]]
* [[pet dog]]
* [[pi-dog]]
* [[pie-dog]]
* [[police dog]]
* [[prairie dog]]
* [[puppy dog]]
* [[puppy-dog eyes]], [[puppy dog eyes]]
* [[purebred dog]]
* [[purebreed dog]]
* [[put on the dog]]
* [[pye-dog]]
* [[raccoon dog]]
* [[railroad police dog]]
* [[railway police dog]]
* [[rain cats and dogs]]
* [[rescue dog]]
* [[Saint Bernard dog]]
* [[sausage dog]]
* [[seadog]]
* [[see a man about a dog]]
* [[seeing-eye dog]]
* [[service dog]]
* [[sheepdog]], [[sheepdog]]
* [[show dog]]
* [[sick as a dog]]
* [[silk dog]]
* [[sled dog]]
* [[sled dog breed]]
* [[sled dog race]]
* [[sled dog racer]]
* [[sled dog racing]]
* [[sly dog]]
* [[smooth dogfish]]
* [[spiny dogfish]]
* [[spotted dogfish]]
* [[stray dog]]
* [[sundog]], [[sun dog]]
* [[swing dog]]
* [[the dogs]]
* [[there's life in the old dog yet]]
* [[three-legged dog]]
* [[throw it to the dogs]]
* [[tinned dog]]
* [[top dog]]
* [[top dog behavior]]
* [[top dog behaviour]]
* [[toy dog]]
* [[toy dog breed]]
* [[two-legged dog]]
* [[underdog]]
* [[veggie dog]]
* [[war dog]]
* [[water dog]]
* [[wiener dog]]
* [[wild dog]]
* [[wise old dog]]
* [[working dog]]
* [[yard dog]]
* [[yellow dog]]
* [[you can't teach an old dog new tricks]]
* [[young dog]]
{{rel-bottom}}

====Translations====
{{trans-top|animal}}
* Abau: {{tø|aau|nwoh}}
* Abaza: {{tø|abq|ла|tr=la}}
* Abenaki: [[adia]]; [[alemos]]
* Abkhaz: {{t-|ab|ала|tr=ala|sc=Cyrl}}
* Acehnese: {{tø|ace|asèë}}
* Adyghe: {{tø|ady|хьэ}}
* Afrikaans: {{t+|af|hond|xs=Afrikaans}}
* Aghul: {{tø|agx|гъуй|sc=Cyrl|xs=Aghul}}
* Ainu: [[セタ]] (seta), {{tø|ain|レエㇷ゚|tr=reep}}
* Akhvakh: {{qualifier|Southern}} {{tø|akv|хве}}, {{qualifier|Northern}} {{tø|akv|хвай}}
* Akkadian: {{tø|akk|𒌨|m|tr=kalbu, UR|sc=Xsux}}
* Alabama: {{tø|akz|ifa}}
* Albanian: {{t+|sq|qen|m|xs=Albanian}}
* Aleut: {{tø|ale|sabaakax}}
* Algherese: {{tø|cln|cutxu}}
* Alviri-Vidari:
*: Vidari: {{tø|avd|اسبه|tr=asbe}}
* Ama: {{tø|amm|aluwou}}
* Amharic: ውሻ (wsha), {{t-|am|ከልብ|tr=kälb|sc=Ethi|xs=Amharic}}
* Amuzgo: [[kítzë']]
* Andi: {{tø|ani|хой}}
* Anglo-Norman: {{tø|xno|chen|m}}
* Angor: {{tø|agg|yaforɨ}}
* Apache:
*: [[Western Apache]]: {{tø|apw|góshé}}
* Arabic: {{t|ar|كلب|m|tr=kalb|alt=كَلْب|sc=Arab}}, ({{Arab|[[كلاب|كِلاب]]}} (kilaab) {{p}})
*: [[Egyptian Arabic]]: {{tø|arz|كلب|m|tr=kalb|sc=Arab}}
* Aragonese: {{t|an|gos}}
* Aramaic:
*: Syriac: [[ܟܠܒܐ]] (kalbā’) {{m}}, [[ܟܠܒܬܐ]] (kalbtā’) {{f}}
*: Hebrew: [[כלבא]] (kalbā’) {{m}}, [[כלבתא]] (kalbtā’) {{f}}
* Arapaho: [[heθ]]
* Armenian: {{t+|hy|շուն|tr=šun}}
* Aromanian: {{t+|rup|cãne}}
* Assamese: {{t|as|কুকুৰ |tr=kukur|sc=Beng}}
* Assiniboine: [[šunga]]
* Asturian: {{t|ast|perru|m}}
* Avar: {{t|av|гьой|sc=Cyrl}}
* Aymara: {{t|ay|anu}}
* Azeri: {{t+|az|it|xs=Azeri}}, {{t+|az|köpək|xs=Azeri}}
* Bagvalal: {{tø|kva|гьвай}}
* Balinese: {{tø|ban|cicing}}, {{tø|ban|asu}}
* Baluchi: {{tø|bal|کچک|tr=kucak}}
* Bambara: {{t|bm|wùlù}}
* Banggai: {{tø|bgz|asu}}
* Banjarese: {{tø|bjn|hadupan}}
* Bashkir: {{tø|ba|эт|sc=Cyrl}}
* Basque: [[txakur]], [[etxe-txakur]]
* Batak Toba: {{tø|bbc|asu}}
* Bau Bidayuh: {{tø|sne|kosuong}}
* Bavarian: {{tø|bar|Hund}}
* Belarusian: {{t+|be|сабака|f|tr=sabáka|xs=Belarusian}}
* Bemba: {{tø|bem|imbwa}}
* Bengali: {{t-|bn|কুকুর|tr=kukur|sc=Beng|xs=Bengali}}
* Bezhta: {{tø|kap|во}}
* Bintulu: {{tø|bny|asew}}
* Blackfoot: {{tø|bla|imita}}
* Borôro: {{tø|bor|arigao}}
* Bosnian: {{t-|bs|pas|m}}, {{t-|bs|kučka|f}}
* Botlikh: {{tø|bph|хай|sc=Cyrl}}
* Breton: {{t+|br|ki|m|xs=Breton}}, {{t+|br|chas|p|xs=Breton}}; [[kiez]] {{f}}, [[kiez]]ed {{p}}
* Budukh: {{tø|bdk|хор|sc=Cyrl}}, {{tø|bdk|тІартІа|sc=Cyrl}}
* Buginese: {{tø|bug|asu}}
* Bulgarian: {{t+|bg|куче|n|tr=kuče}}, {{t+|bg|пес|m|tr=pes}} {{qualifier|colloquial}}, {{t-|bg|псе|n|tr=pse}} {{qualifier|colloquial}}
* Burmese: {{t-|my|ခွေး|tr=hkwe:|sc=Mymr|xs=Burmese}}
* Buryat: {{tø|bua|нохой}}
* Caddo: [[díˀṣi]]
* Carrier: [[ɫi]]
* Catalan: {{t+|ca|gos}}, {{t+|ca|ca|m}}, [[gossa]] {{f}}
* Cebuano: [[irô]], [[ayam]]
* Central Atlas Tamazight: {{tø|tzm|ⴰⵢⴷⵉ|m|tr=aydi|sc=Tfng}}
* Central Melanau: {{tø|mel|asew}}
* Ch'orti': [[ƈi']]
* Chamalal: {{tø|cji|хва̅й|sc=Cyrl}}
* Chamicuro: {{tø|ccc|ma'nali}}
* Chamorro: {{t|ch|ga'lagu}}
* Chechen: {{tø|ce|жӀаьла}}
* Cherokee: {{tø|chr|ᎩᏟ|tr=giɬi}}, {{tø|chr|ᎩᎵ|tr=gili}}
* Cheyenne: {{tø|chy|oeškeso}}
* Chinese:
*: Cantonese: {{tø|yue|狗|tr=gau2|sc=Hant}}, {{tø|yue|犬|tr=hyun1|sc=Hant}}
*: Mandarin: {{t|zh|狗|tr=gǒu|sc=Hani}}, {{t|zh|犬|tr=quǎn|sc=Hani}}
* Chru: {{tø|cje|əsɣu}}
* Chukchi: {{tø|ckt|ы'ттъыын|tr=ʔǝttʔǝn}}, {{tø|ckt|ы'ттъыыт|p|tr=ʔǝttʔǝt}}
* Chumash: [[huču]]
* Chuvash: {{tø|cv|йытӑ|sc=Cyrl}}
* Cia-Cia: {{tø|cia|아우}}
* Coastal Kadazan: {{tø|kzj|tasu}}
* Comanche: [[sarrie]]
* Cora: [[ẓʌ'ʌ]]
* Cornish: {{t|kw|ki}}
* Corsican: {{t|co|cane}}, {{t|co|ghjacaru}}
* Cree: [[ᐊᑎᒼ]] (atim)
* Creek: [[éfv]]
* Crimean Tatar: [[köpek]], [[it]], [[boşuq]]
* Croatian: {{t+|hr|pas|m}}
* Czech: {{t+|cs|pes|m}}, {{t-|cs|fena|f}}
* Dalmatian: {{tø|dlm|cun|m}}
* Danish: {{t+|da|hund|c}}
* Dargwa: {{tø|dar|хя}}
* Darkinjung: {{tø|aus-dar|mirri}}
* Dena'ina: {{tø|tfn|łik'a}}
* Dhivehi: {{t|dv|ބަޅު |tr=baḷu|sc=Thaa}}, {{t|dv|ކުއްތާ |tr=kuttā|sc=Thaa}}
* Dogrib: {{tø|dgr|tłı̨}}
* Dutch: {{t+|nl|hond|m}}
* Dyirbal: [[guda]] {{qualifier|class II noun}}, {{unicode|[[gudaɖaran]]}} ''dual'', [[gudaguda]] {{p}}
* Egyptian: {{tø|egy|𓍿𓊃𓅓𓃡|tr=ṯzm|sc=Egyp}}
* Erzya: [[киска]] (kiska), [[пине]] (pine)
* Eshtehardi: {{tø|esh|اسپ|m|alt=اِسپَ|tr=espa|sc=fa-Arab}}, {{tø|esh|ماچیه|f|alt=ماچیَه|tr=mâĉiya|sc=fa-Arab}}, {{tø|esh|کوت|alt=کوتَ|tr=kōta or kōtiyak: WHELP|sc=fa-Arab}}
* Esperanto: {{qualifier|♂♀}} {{t+|eo|hundo}}, {{qualifier|♂}} {{t-|eo|virhundo}}, {{qualifier|neologism ♂}} {{t-|eo|hundiĉo}}, {{qualifier|♀}} {{t+|eo|hundino}}, {{qualifier|diminutive ♂♀}} {{t-|eo|hundeto}}, {{qualifier|augmentative ♂♀}} {{t-|eo|hundego}}, {{qualifier|pejorative ♂♀}} {{t-|eo|hundaĉo}}
* Estonian: {{t+|et|koer}}, {{t|et|peni}}
* Even: {{tø|eve|ӈен}}
* Evenki: {{tø|evn|ӈинакин}}
* Ewe: {{tø|ee|avu}}
* Faroese: {{t+|fo|hundur|m|xs=Faroese}}
* Fijian: {{t|fj|koli}}
* Finnish: {{t+|fi|koira}}
* Flathead: [[ʔn̩qʷqʷ̕osǝ́ˀmí]]
* Fon: {{tø|fon|agla}}, {{tø|fon|avun}}
* French: {{t+|fr|chien|m}}
* Friulian: [[čhan]] {{qualifier|new orthography}}, [[cjan]] {{qualifier|old orthography}}
* Gagauz: {{tø|gag|köpek}}
* Galician: [[can#Galician|can]] {{m}}, [[cadela]] {{f}}
* Gamilaraay: [[buruma]] (tame), [[marayin]] {{qualifier|wild}}, [[mirri]] {{qualifier|wild}}, [[ngurran]] {{qualifier|wild}}
* Gayo: {{tø|gay|asu}}
* Georgian: {{t-|ka|ძაღლი|tr=jağli|sc=Geor|xs=Georgian}}
* German: {{qualifier|♂♀}} {{t+|de|Hund|m}}, {{qualifier|♂}} {{t+|de|Hündin|f}}
* Ghodoberi: {{tø|gdo|хвайи|sc=Cyrl}}
* Gothic: {{tø|got|𐌷𐌿𐌽𐌳𐍃|m|tr=hunds|sc=Goth|xs=Gothic}}
* Greek: {{t+|el|σκύλος|tr=skílos}}, {{t+|el|κύων|tr=kíon}}
*: [[Ancient Greek]]: {{tø|grc|κύων|tr=kuōn|sc=polytonic}}, {{tø|grc|σκύλαξ|tr=skulaks|sc=polytonic}}, {{tø|grc|σκύλλος|tr=skullos|sc=polytonic}}, {{tø|grc|τραβίτης|tr=trabitēs|sc=polytonic}}
* Guaraní: {{t|gn|jagua}}
* Gujarati: {{t|gu|કુતરો|tr=kutro|m}}, {{t|gu|કુતરી|tr=kutrī|f}}, {{t|gu|કુતરાઓ|tr=kutrāo|p}} / {{t|gu|કુતરીઓ|tr=kutrīo|p}}
* Haida: {{tø|hai|x̌a}}, {{tø|hai|xa}}
* Hausa: {{t|ha|kàṛe̋ }}
* Hawaiian: {{tø|haw|ʻīlio}}
* Hebrew: [[כלב]] (kélev) {{m}}
* Hindi: {{t|hi|कुत्ता|m|tr=kuttā|sc=Deva}}, {{t|hi|कुत्ती|f|tr=kuttī|sc=Deva}}
* Hinukh: {{tø|gin|гъвве|sc=Cyrl}}, {{tø|gin|кача|sc=Cyrl}}
* Hittite: [[kuwas]]; [[suwana]]
* Hopi: {{tø|hop|pòoko}}
* Hungarian: {{t+|hu|kutya}}, {{t+|hu|eb}}
* Hunzib: {{tø|huz|ве|sc=Cyrl}}
* Iban: {{tø|iba|asu}}
* Icelandic: {{t+|is|hundur|m}}
* Ido: {{qualifier|♂♀}} {{t+|io|hundo|xs=Ido}}, {{qualifier|♂}} {{t+|io|hundulo|xs=Ido}}, {{qualifier|♀}} {{t+|io|hundino|xs=Ido}}
* Igbo: {{tø|ig|n'kita}}
* Ilocano: {{tø|ilo|aso}}
* Inari Sami: {{tø|smn|peenuv}}
* Indonesian: {{t|id|anjing}}
* Ingush: {{tø|inh|жӀали|tr=žˤali|sc=Cyrl}}
* Interlingua: {{t|ia|can}}
* Inuktitut: [[ᕿᒻᒥᖅ]], [[qimmiq]]
*: [[Inuinnaqtun]]: [[qinmiq]]
*: West Inuktitun: [[qingmiq]]
* Iranun: {{tø|ill|asu}}
* Irish: {{t+|ga|madra|m|xs=Irish}}, {{t+|ga|gadhar|m|xs=Irish}}, {{t+|ga|madadh|m|xs=Irish}}
* Isthmus Zapotec: [[biʼcuʼ]]
* Italian: {{t+|it|cane|m}}
* Itelmen: {{tø|itl|ӄосҳ}}, {{tø|itl|ӄсҳай}}, {{qualifier|plural}} {{tø|itl|ӄсҳa’н}}
* Japanese: {{t+|ja|犬|tr=[[いぬ]], inu}}
* Jarai: {{tø|jra|asâo}}
* Javanese: {{t|jv|asu}}
* Jèrriais: {{tø|roa-jer|tchian|m}}
* Kabardian: {{tø|kbd|хьэ}}
* Kalaallisut: [[qimmeq]]
* Kalmyk: {{tø|xal|ноха}}
* Kannada: {{t|kn|ನಾಯಿ |tr=nāyi|sc=Knda}}
* Kapampangan: {{tø|pam|asu}}
* Karachay-Balkar: {{tø|krc|ит|sc=Cyrl}}
* Karakalpak: {{tø|kaa|iyt}}
* Karata: {{tø|kpt|хвай|sc=Cyrl}}
* Karelian: {{tø|krl|koira}}
* Kashubian: {{t|csb|tósz}}
* Kazakh: {{t-|kk|ит|tr=ît|sc=Cyrl|xs=Kazakh}}
* Ket: {{tø|ket|tīp}}
* Khakas: {{tø|kjh|адай|sc=Cyrl}}
* Khanty: {{tø|kca|амп|tr=amp}}
* Khinalug: {{tø|kjj|пхра|sc=Cyrl}}
* Khmer: {{t|km|ឆ្កែ|tr=chkae|sc=Khmr}}
* Kickapoo: [[ə́nɛ̏mwə̏]]
* Kildin Sami: {{tø|sjd|пе̄ннэ}}
* Kinyarwanda: {{t|rw|bwa}}
* Klallam: [[sqáx̣əʔ]]; [[sqməy̕]]
* Klamath-Modoc: [[waṣ̓a·k]]
* Komi-Permyak: {{tø|koi|пон}}
* Komi-Zyrian: {{tø|kpv|пон}}
* Kongo: {{tø|kg|mbwa}}
* Konkani: {{tø|kok|सूणे|tr=sūṇe}}
* Korean: {{t|ko|개|tr=gae|sc=Hang}}, {{t|ko|견|tr=gyeon|sc=Hang}} ({{t|ko|犬}}), {{t|ko|구|tr=gu|sc=Hang}} ({{t|ko|狗}})
* Koryak: {{tø|kpy|г'ытг'ын|tr=ʕǝtʕǝn}}, {{qualifier|plural}} {{tø|kpy|г'ытг'у|tr=ʕǝtʕu}}
* Kumyk: {{tø|kum|ит}}
* Kuna: [[achu]]
* Kurdish:
*: Kurmanji: {{t|ku|se}}, [[kûç]], [[kûçik]]
*: Sorani: {{t|ku|سه‌گ|sc=ku-Arab}}
* Kyrgyz: {{t|ky|ит|sc=Cyrl}}
* Ladin: [[cian#Ladin|cian]]
* Ladino: {{tø|lad|פירו|tr=pero}}
* Lak: {{tø|lbe|ккаччи}}
* Lakota: [[šúŋka]]
* Lampung Api: {{tø|ljp|asu}}
* Lao: {{t|lo|ໝາ|tr=maa|sc=Laoo}}
* Latgalian: {{tø|ltg|suņs|m}}
{{trans-mid}}
* Latin: {{t+|la|canis|c}}
* Latvian: {{t+|lv|suns|m|xs=Latvian}}, {{t|lv|kuce|f}}
* Lenape:
*: Munsee: {{tø|umu|mwaakaneew}}
*: Unami: {{tø|unm|mwekane}}
* Lezgi: {{tø|lez|кицӀ|sc=Cyrl}}
* Limburgish: {{t|li|hóndj}}
* Lingala: {{t|ln|mbwá}}
* Lithuanian: [[šuo]] {{m}}, [[šuva]] {{m}} {{qualifier|colloquial}}, {{t-|lt|kalė|f|xs=Lithuanian}}
* Livonian: {{tø|liv|piņ}}
* Lojban: [[gerku]]
* Low Saxon: {{t|nds|Hund|m}}, {{qualifier|colloquial}} {{t|nds|Köter|m}}
* Luhya: {{tø|luy|imbwa}}
* Luxembourgish: {{t|lb|Hond|m}}, {{t|lb|Mupp|m}}, {{t|lb|Mudder|f}}
* Maasai: {{tø|mas|oldia}}
* Macedonian: {{t-|mk|куче|n}}, {{t-|mk|пес|m|tr=pes}}
* Madurese: {{tø|mad|pateʔ}}
* Mainstream Kenyah: {{tø|xkl|acu`}}
* Makasar: {{tø|mak|asu}}
* Malagasy: {{t|mg|alika}}
* Malay:
*: Rumi: {{t|ms|anjing}}, {{t|ms|asu}}, {{t|ms|kuyuk}}
*: Jawi: {{t|ms|انجيڠ}}, {{t|ms|اسو}}, {{t|ms|کويوق}}
* Malayalam: {{t|ml|നായ|tr=naaya|sc=Mlym}}, {{t|ml|പട്ടി|tr=patti|sc=Mlym}}
* Malecite-Passamaquoddy: {{tø|pqm|olomuss|s}}, {{tø|pqm|olomussok|p}}, {{tø|pqm|'tolomussomol}} {{qualifier|possessed}}, {{tø|pqm|olomussis}} {{qualifier|diminutive}}
* Maltese: {{t|mt|kelb|m}}, {{t|mt|kelba|f}}
* Manchu: {{tø|mnc|indahūn}}
* Mandar: {{tø|mdr|asu}}
* Mansi: {{tø|mns|āмп|tr=amp}}
* Manx: {{t|gv|moddey}}, {{t|gv|coo}}
* Maori: {{t-|mi|kurī}}
* Mapudungun: {{tø|arn|xewa}}
* Marathi: {{t|mr|कुत्रा|tr=kutra|sc=Deva}}
* Mari: {{tø|chm|пий}}
* Maricopa: {{tø|mrc|xat}}
* Mayo: [[čū’u]]
* Mbabaram: [[dog#Mbabaram|dog]]
* Mende: {{tø|men|ngílà}}
* Mi'kmaq: {{tø|mic|lmu'j}} / {{tø|mic|nmu'j|s}}, {{tø|mic|lmu'jig}} / {{tø|mic|nmu'jig|p}}, {{tø|mic|lmu'ji'j}} / {{tø|mic|nmu'ji'j}} {{qualifier|diminutive}}, {{tø|mic|lmu'jl}} / {{tø|mic|nmu'jl}} (''indef.'')
* Miami-Illinois: [[alemwa]]
* Middle Breton: {{tø|xbm|ci|m}}
* Middle Dutch: {{tø|dum|hont|m}}
* Middle English: {{tø|enm|dogge}}
* Middle High German: {{tø|gmh|hunt}}
* Middle Low German: {{tø|gml|hund}}
* Minangkabau: {{tø|min|anjiang}}
* Mingo: [[tsíyæ]] {{s}}, [[tsiyæshö'ö]] {{p}}
* Miwok: [[hajūṣa]]
* Miyako: {{tø|mvi|イン|tr=in}}
* Mohawk: [[ěrhar]]
* Moksha: {{tø|mdf|пине}}
* Mongolian: {{t+|mn|нохой|tr=nohoĭ|sc=Cyrl|xs=Mongolian}}
* Montagnais: {{tø|moe|atimᵘ}}
* Muslim Tat: {{tø|ttt|сэг}}
* Nahuatl: [[chichi]]; [[itzcuintli]]
* Nama: {{tø|naq|arib}}
* Nanai: {{tø|gld|инда}}
* Naskapi: [[atim]]
* Nauruan: {{t|na|robar}}
* Navajo: {{tø|nv|łééchąąʼí}}
* Nenets: {{tø|yrk|вэʼ|tr=vė|sc=Cyrl}}, {{tø|yrk|вэʼн|tr=vėn|sc=Cyrl}}, {{tø|yrk|вэнеко|tr=vėneko|sc=Cyrl}}
* Nepali: {{t|ne|कुकुर|tr=kukur|m|sc=Deva}}, {{t|ne|कुकुरनी|tr=kukurnī|f|sc=Deva}}
* Nganasan: {{tø|nio|баӈ}}, {{tø|nio|bang}}
* Nias: {{tø|nia|asu}}
* Nivkh: {{tø|niv|ӄан|tr=qan}}
* Nogai: {{tø|nog|ийт|sc=Cyrl}}
* Northern Yukaghir: {{tø|ykg|лаамэ}}
* Norwegian: {{t+|no|hund|m}}, {{t+|no|bikkje|f}}
* Novial: {{qualifier|♂♀}} {{tø|nov|hunde|s}}, {{tø|nov|hundes|p|}}, {{qualifier|♂}} {{tø|nov|hundo|s}}, {{tø|nov|hundos|p}}, {{qualifier|♀}} {{tø|nov|hunda|s}}, {{tø|nov|hundas|p}}
* O'odham: [[gogs]]
* Occitan: {{t+|oc|gos|xs=Occitan}}, {{t+|oc|can|xs=Occitan}}
* Ojibwe: [[ᐊᓂᒧᔥ]] ([[animosh]]) {{s}}, [[ᐊᓂᒧᔕᒃ]] ([[animoshag]]) {{p}}
* Okinawan: {{tø|ryu|いん|tr=ʔin}}
* Old Church Slavonic: {{tø|cu|пьсъ|m|tr=pĭsŭ|sc=Cyrs}}
* Old English: {{t-|ang|hund}}, {{t-|ang|docga}}
* Old French: [[chen]] {{m}}, {{tø|fro|chien|m}}
* Old Frisian: [[hund]]
* Old High German: {{tø|goh|hunt}}
* Old Irish: {{tø|sga|cú|m}}; {{tø|sga|matad|m}}
* Old Javanese: {{tø|kaw|asu}}
* Old Norse: [[hundr]] {{m}}, [[grey]] {{n}}, [[bikkja]] {{f}}
* Old Prussian: [[Sunis]]
* Old Saxon: {{tø|osx|hund}}
* Osage: {{tø|osa|šóᴺke}}
* Ossetian: {{tø|os|куыдз|tr=kuydz|sc=Cyrl}}
* Papiamentu: {{tø|pap|kachó}}
* Pashto: {{t|ps|سپۍ |tr=spəy|sc=ps-Arab}}
* Persian: {{t|fa|سگ|tr=sag|alt=سَگ|sc=fa-Arab}}
* Pitjantjatjara: [[papa]]
* Polish: {{t+|pl|pies|m}}, {{t+|pl|suka|f}}
* Portuguese: {{t+|pt|cão|m}}, {{t+|pt|cadela|f}}, {{t+|pt|cachorro|m}}, {{t+|pt|cachorra|f}}
* Powhatan: [[atemos]]
* Punjabi: {{t|pa|ਕੁੱਤਾ|tr=kuttā|sc=Guru}}
* Quechua: {{t|qu|alkho}}, {{t|qu|allqu}}
* Quileute: [[kadí·do]]
* Rade: {{tø|rad|asâo}}
* Rapa Nui: [[paihéŋa]]
* Rohingya: [[kutta]]
* Romani: [[zhukel]] {{m}}, [[zhuklyi]] {{f}}
* Romanian: [[câine]] {{qualifier|current orthography}}, [[cîine]] (''1950s orthography''), {{t|ro|câini|m|p}}
* Romansch: [[chaun]], [[tgaun]]
* Russian: {{t+|ru|собака|f|tr=sobáka}}, {{t+|ru|пёс|m|tr=pjos}}, {{qualifier|colloquial}} {{t+|ru|псина|f|tr=psína}}
* Rutul: {{tø|rut|тыла|sc=Cyrl}}
* Sami: [[beana]]
* Samoan: {{t|sm|maile}}
* Sangir: {{tø|sxn|asu}}
* Sanskrit: {{t-|sa|श्वन्|m|tr=śván|sc=Deva}}
* Santali: {{tø|sat|ᱥᱮᱛᱚ|tr=seta|sc=Olck}}
* Sardinian: [[cani]] / [[cane#Sardinian|cane]], [[perru]], [[catteddu]]
*: Campidanese Sardinian: {{tø|sro|cani}}
*: Gallurese Sardinian: {{tø|sdn|cani}}
* Sasak: {{tø|sas|asu}}
* Sassarese Sardinian: {{tø|sdc|cani}}
* Scottish Gaelic: [[cù]] {{m}}, [[madadh]] {{m}}
* Serbian: [[pas#Serbian|pas]] {{m}}, [[kučka]] {{f}}, [[kuče]] {{m}}, [[kuca]] {{f}} (dim.), [[džukela]] {{f}}
* Seri: [[ʔɑχʃ]]
* Shan: {{tø|shn|မႃ|tr=maa}}
* Sherpa: {{tø|xsr|कि |tr=ki}}
* Shona: {{t|sn|imbwá}}
* Shor: {{tø|cjs|адай}}, {{tø|cjs|ит}}
* Shoshone: [[sadee’]]
* Sichuan Yi: {{tø|ii|ꈌ|tr=ke}}
* Sicilian: {{t+|scn|cani|m|xs=Sicilian}}
* Sindhi: {{t|sd|ڪتو |tr=kuto|sc=sd-Arab}}
* Sinhalese: {{t|si|බල්ලා|sc=Sinh}}, {{t|si|සුනඛයා|sc=Sinh}}, {{t|si|බැල්ලී|f|sc=Sinh}}, {{t|si|බැල්ලී|f|sc=Sinh}}, {{t|si|සුනඛයා|sc=Sinh}}
* Skolt Sami: {{tø|sms|piânnai}}
* Slovak: {{t+|sk|pes|m}}, {{t-|sk|suka|f}}
* Slovene: {{t+|sl|pes|m}}, {{t+|sl|psica|f}}
* Somali: {{t|so|eey}}, {{t|so|ey}}
* Sorbian:
*: Lower Sorbian: {{tø|dsb|pjas|m}}
*: Upper Sorbian: {{tø|hsb|pos|m|xs=Upper Sorbian}}, {{tø|hsb|psyk|m|xs=Upper Sorbian}}
* Sotho: {{t+|st|ntja}}
* Southern Altai: {{tø|alt|ийт}}
* Southern Puebla Mixtec: {{tø|mit|tsi'ína|tr=aydi}}
* Spanish: {{t+|es|perro|m}}
* Sumbawa: {{tø|smw|asu}}
* Sumerian: {{tø|sux|𒌨|tr=UR|sc=Xsux}}
* Sundanese: {{tø|su|anjing}}
* Swahili: [[mbwa]] {{s}}/{{p}} (''noun 9/10'')
* Swati: {{t|ss|î-njá}}
* Swedish: {{t+|sv|hund|c}}, {{t|sv|hynda|f|c}}
* Tabassaran: {{tø|tab|ху}}
* Tachelhit: {{tø|shi|aydi|m|sc=Latinx|xs=Tachelhit}}
* Tae': {{tø|rob|asu}}
* Tagal Murut: {{tø|mvv|asu}}
* Tagalog: [[aso]]
* Tahitian: {{tø|ty|ʻurī}}, {{tø|ty|ʻūrī}}
* Tajik: {{t-|tg|саг|tr=sag|sc=Cyrl|xs=Tajik}}, {{t-|tg|кучук|tr=kučuk|sc=Cyrl|xs=Tajik}}
* Talysh: {{tø|tly|сыпа|tr=sypa}}
* Tamil: {{t+|ta|நாய்|tr=naay|xs=Tamil}}
* Taos: [[cùlo’óna]]
* Tatar: {{t+|tt|эт|sc=Cyrl|xs=Tatar}}
* Telugu: {{t+|te|కుక్క|tr=kukka}}, {{t+|te|శునకము}}
* Thai: {{t|th|หมา|tr=mǎa|sc=Thai}}, {{t|th|สุนัข|tr=sùnák|sc=Thai}}
* Tibetan: {{t|bo|ཁྱི|tr=kiy|sc=Tibt}}
* Tigrinya: {{t|ti|ከልቢ|tr=kälbi|sc=Ethi}}
* Tindi: {{tø|tin|хва|sc=Cyrl}}
* Tlingit: [[kèƛ]]
* Tok Pisin: {{t|tpi|dok}}
* Tongan: {{t|to|kulī }}
* Tonkawa: [[ˀɛkʷʌn]]
* Tontemboan: {{tø|tnt|asu}}
* Tsakhur: {{tø|tkr|хва|sc=Cyrl}}
* Tsez: {{tø|ddo|гъІвай|sc=Cyrl}}, {{tø|ddo|бахІри|sc=Cyrl}}
* Tswana: {{t-|tn|ntša|xs=Tswana}} (9/10)
* Tulu: {{tø|tcy|ನಾಯಿ |tr=nAyi}}
* Tupinambá: [[îagûara]]
* Turkish: {{t+|tr|köpek}}, {{t+|tr|it}}
* Turkmen: {{t|tk|it}}
* Tuvan: {{tø|tyv|ыт}}
* Twi: {{t|tw|kraman}}
* Tz'utujil: [[tz'i'|tz’i’]]
* Uab Meto: {{tø|aoz|asu}}
* Udi: {{tø|udi|хаъ|sc=Cyrl}}
* Udmurt: {{tø|udm|пуны}}
* Ukrainian: {{t+|uk|собака|m|f|tr=sobáka|xs=Ukrainian}}&lt;!-- mainly masculine, unlike the Russian word--&gt;, {{t+|uk|пес|m|tr=pes|xs=Ukrainian}}
* Urdu: {{t|ur|کتا|m|tr=kuttā|sc=ur-Arab}}, {{t|ur|کلب|tr=kalb|sc=ur-Arab}}, {{t|ur|سگ|m|tr=sag|sc=ur-Arab}}
* Uyghur: {{t+|ug|ئىت|sc=ug-Arab|xs=Uyghur}}, {{t|ug|it|sc=ug-Arab}}, {{t|ug|ит|sc=ug-Arab}}
* Uzbek: {{t|uz|it}}
* Venetian: {{tø|vec|can|m}}
* Veps: {{tø|vep|koir}}
* Vietnamese: {{t+|vi|chó}}
* Vilamovian: {{tø|wym|hund}}
* Volapük: {{qualifier|♂♀}} {{t+|vo|dog}}, {{qualifier|♂}} {{t|vo|hidog}}, {{qualifier|♀}} {{t|vo|jidog}}, {{qualifier|♂♀ offspring}} {{t|vo|dogül}}, {{qualifier|♂ offspring}} {{t|vo|hidogül}}, {{qualifier|♀ offspring}} {{t|vo|jidogül}}, {{qualifier|diminutive ♂♀}} {{t|vo|dogil}}, {{qualifier|augmentative ♂♀}} {{t|vo|ledog}}, {{qualifier|castrated ♂}} {{t|vo|hodog}}, {{qualifier|spayed ♀}} {{t|vo|jodog}}
* Votic: {{tø|vot|koira}}
* Võro: [[pini]]
* Waray-Waray: {{tø|war|ayam}}, {{tø|war|idó}}
* Warlpiri: [[maliki]]
* Welsh: {{t+|cy|ci|m}}
*: Middle Welsh: {{tø|wlm|ki|m}}
* West Coast Bajau: {{tø|bdr|owa'}}, {{tø|bdr|oa'}}
* West Frisian: {{t+|fy|hûn|c}}
* Western Maninkakan: {{tø|mlq|wulu}}
* Wolof: {{t+|wo|xaj|xs=Wolof}}
* Xhosa: {{t|xh|inja}}
* Yakut: {{tø|sah|ыт|tr=ıt|sc=Cyrl}}
* Yiddish: {{t+|yi|הונט|m|tr=hunt}}, {{t|yi|הינט|p|tr=hint}}
* Yoruba: {{t|yo|ajá}}
* Yucatec Maya: [[peek’]]
* Yuchi: [[tsɛnɔ̣]]
* Yup'ik: [[qimugta]] {{s}}, [[qimugtak]] ''dual'', [[qimugtat]] {{p}}
* Zazaki: {{tø|zza|kutık m}}
* Zulu: [[inja]] ''(nc 9)''
* Záparo: {{tø|zro|ariawko}}
{{trans-bottom}}

{{trans-top|male canine}}
* Afrikaans: {{t|af|reun|m|xs=Afrikaans}}
* Algherese: {{tø|cln|cutxu}}
* Aramaic:
*: Syriac: [[ܟܠܒܐ]] (kalbā’) {{m}}
*: Hebrew: [[כלבא]] (kalbā’) {{m}}
* Bulgarian: {{t+|bg|пес|m}}
* Czech: {{t|cs|pes|m}}
* Dutch: {{t+|nl|reu|m}}
* Eshtehardi: {{tø|esh|اسپ|alt=اِسپَ|tr=espa|sc=fa-Arab}}
* Esperanto: {{t-|eo|virhundo|m}}, {{qualifier|neologism ♂}} {{t-|eo|hundiĉo}}
* French: {{t+|fr|chien|m}}
* German: {{t+|de|Rüde|m}}
* Greek: {{t+|el|σκύλος|m}}, {{t|el|κύνας|m}}
* Hindi: {{t|hi|कुत्ता|m|tr=kutta}}
* Indonesian: {{t|id|anjing jantan}}
* Interlingua: {{t|ia|can}}
* Italian: {{t+|it|cane|m}}
* Japanese: {{t|ja|牡犬|tr=osu-inu}}, {{t|ja|雄犬|tr=osu-inu}}
* Khmer: {{t|km|ឆ្កែបា|sc=Khmr|tr=chkae baa}}
* Latvian: {{t|lv|suns|m}}
* Lithuanian: {{t+|lt|šuo|m|xs=Lithuanian}}
* Lojban: {{t-|jbo|gerku|xs=Lojban}}
* Luhya: {{tø|luy|imbwa}}
* Luxembourgish: {{t|lb|Hond|m}}, {{t|lb|Mupp|m}}
* Malay:
*: Rumi: {{t|ms|anjing jantan}}, {{t|ms|asu jantan}}, {{t|ms|kuyuk jantan}}
*: Jawi: {{t|ms|انجيڠ جنتن}}, {{t|ms|اسو جنتن}}, {{t|ms|کويوق جنتن}}
{{trans-mid}}
* Marathi: {{t|mr|कुत्रा|m|tr=kutra|sc=Deva|xs=Marathi}}
* Mongolian: {{t+|mn|нохой|tr=nohoĭ|sc=Cyrl|xs=Mongolian}}
* Novial: {{tø|nov|hundo|s|xs=Novial}}, {{tø|nov|hundos|p|xs=Novial}}
* Ojibwe: [[naabesim]], [[naabesimoog]] {{p}}
* Old French: {{tø|fro|chien|m}}
* Persian: {{t+|fa|سگ|tr=sag|xs=Persian}}
* Polish: {{t+|pl|pies|m}}
* Portuguese: {{t+|pt|cão|m}}, {{t+|pt|cães|p}}, {{t|pt|cachorro|m}}, {{t|pt|cachorro|m}}
* Romani: [[zhukel]] {{m}}
* Romanian: {{t+|ro|câine|m}}
* Russian: {{t+|ru|кобель|m|tr=kobél’}}, {{t+|ru|пёс|m|tr=pjos}}
* Sardinian:
*: Campidanese Sardinian: {{tø|sro|cani}}
*: Gallurese Sardinian: {{tø|sdn|cani}}
* Sassarese Sardinian: {{tø|sdc|cani}}
* Sicilian: {{t+|scn|cani|m|xs=Sicilian}}
* Slovene: {{t+|sl|pes|m}}
* Spanish: {{t+|es|perro|m}}
* Sundanese: {{t-|su|asu|xs=Sundanese}}
* Swahili: {{t+|sw|mbwa|xs=Swahili}}
* Talysh: {{tø|tly|сыпа|tr=sypa}}
* Tamil: [[நாய்]] (nāy)
* Telugu: {{t+|te|మగకుక్క|tr=maga-kukka}}
* Ukrainian: {{t+|uk|пес|m|tr=pes|xs=Ukrainian}}, {{t+|uk|собака|f|tr=sobáka|xs=Ukrainian}}
* Volapük: {{t|vo|hidog}}, {{qualifier|castrated}} {{t|vo|hodog}}
{{trans-bottom}}

{{trans-top|dull, unattractive girl or woman}}
* French: {{t+|fr|thon|m}}
* Japanese: {{t|ja|ぶす|tr=busu|sc=Jpan}}
* Portuguese: {{t|pt|cachorra|f}}
{{trans-mid}}
* Russian: {{t+|ru|крокодил|m|tr=krokodil}}, {{t+|ru|жаба|f|tr=žába}}
* Swahili: {{t+|sw|mbwa|xs=Swahili}}
{{trans-bottom}}

{{trans-see|slang: man; see [[guy]]|guy}}
{{trans-top|morally reprehensible person, ''See also [[scoundrel]]''}}
* Algherese: {{tø|cln|cutxu}}
* French: {{t+|fr|chien|m}}
* German: {{t+|de|Hund|m}}
* Interlingua: [[can#Interlingua|can]]
* Italian: {{t+|it|cane|m}}
* Japanese: {{t|ja|悪党|tr=あくとう, akutō|sc=Jpan}}
* Korean: {{t|ko|개같은놈|tr=gaegateunnom|sc=Kore}}
* Luxembourgish: {{t|lb|Hond|m}}
* Romanian: {{t+|ro|câine|m}}
{{trans-mid}}
* Russian: {{t+|ru|негодяй|m|tr=negodjáj}}, {{t|ru|негодяйка|f|tr=negodjájka}}, {{t+|ru|подлец|m|tr=podléts}}, {{t|ru|подлая|f|tr=pódlaja}}
* Sardinian:
*: Campidanese Sardinian: {{tø|sro|cani}}
*: Gallurese Sardinian: {{tø|sdn|cani}}
* Sassarese Sardinian: {{tø|sdc|cani}}
* Spanish: {{t+|es|perro|m}}
* Swahili: {{t+|sw|mbwa|xs=Swahili}}
{{trans-bottom}}

{{trans-see|hinged catch|pawl}}
{{trans-see|metal support for logs|andiron}}

====See also====
* {{specieslite|Canis}}
* {{commonslite|Dog}}
* {{topicsee|en|canids}}
* [[canine]]
* [[cynomorphic]]
* [[cynomorphism]]
* [[flea bag]]

====References====
* Weisenberg, Michael (2000) ''[http://www.poker1.com/mcu/pokerdictionary/mculib_dictionary_info.asp The Official Dictionary of Poker].'' MGI/Mike Caro University. ISBN 978-1880069523

===Verb===
{{en-verb|dog|g|ed}}

# {{transitive}} To pursue with the intent to catch.
# {{transitive}} To follow in an annoying way, to constantly be affected by.
#: ''The woman cursed him so that trouble would '''dog''' his every step.''
#* {{quote-news
|year=2012
|date=May 9
|author=Jonathan Wilson
|title=Europa League: Radamel Falcao's Atlético Madrid rout Athletic Bilbao
|work=the Guardian
|url=http://www.guardian.co.uk/football/2012/may/09/atletico-madrid-athletic-bilbao-europa-league
|page=
|passage=But this is not an Athletic that ever looks comfortable at the back – a criticism that has often '''dogged''' Marcelo Bielsa's sides. }}
# {{transitive|nautical}} To fasten a [[hatch]] securely.
#: ''It is very important to '''dog''' down these hatches...''
# {{transitive|emerging usage in|_|British}} To watch, or participate, in sexual activity in a public place, on the pretence of ''walking the dog''; see also [[dogging]].
#: ''I admit that I like to '''dog''' at my local country park.''
# {{intransitive|transitive}} To intentionally restrict one's productivity as employee; to work at the slowest rate that goes unpunished.
#: ''A surprise inspection of the night shift found that some workers were '''dogging''' it.''
# {{intransitive|with ''up''}} To position oneself on all fours, after the manner of a dog - probably related to [[doggy style]].
#: ''I'd ask why you're dogged up in the middle of the room, but I probably don't want to know...''

====Synonyms====
* {{sense|to pursue with intent to catch}} [[chase]], [[chase after]], [[go after]], [[pursue]], [[tag]], [[tail]], [[track]], [[trail]]
* {{sense|to restrict one's productivity}} [[soldier]], [[goldbrick]]

===Anagrams===
* [[god#English|god]], [[God#English|God]]

[[Category:1000 English basic words]]
[[Category:English three-letter words]]
[[Category:en:Dogs| ]]
[[Category:en:Mammals]]

----

==Danish==

===Conjunction===
{{head|da|conjunction}}

# [[though]]

----

==Mbabaram==

===Etymology===
From {{recons|dwog(a)|lang=vmb}}, from {{recons|udwoga|lang=vmb}}, from {{recons|gudwaga|lang=vmb}}, from {{proto|Pama-Nyungan|gudaga|lang=vmb}}. Related to {{etyl|dbl|-}} {{term|guda|lang=dbl}}, {{etyl|yii|-}} {{term|gudaga|lang=yii}}. (Note that, despite the similarities, this word is not related to English {{term||dog|lang=en}}.)

===Noun===
{{head|vmb|noun}}

# [[#English|dog]]

----

==Swedish==

===Verb===
{{head|sv|verb form}}

# {{sv-verb-form-past|dö}}

----

==Torres Strait Creole==

===Etymology===
From {{etyl|en|tcs}} {{term|dog|lang=en}}.

===Noun===
{{head|tcs|noun}}

# [[dog#English|dog]]

[[Category:tcs:Mammals]]

----

==Volapük==

===Pronunciation===
* {{IPA|[dog]|lang=vo}}, {{X-SAMPA|[dog]}}

===Noun===
{{vo-noun}}

# {{qualifier|male or female}} [[#English|dog]]

====Declension====
{{vo-decl-noun}}

====Derived terms====
{{der-top}}
* [[bludadog]]
* [[dafadog]]
* [[dogacek]]
* [[dogadom]]
* [[dogahipul]]
* [[dogajipul]]
* [[dogakek]]
* [[dogalecek]]
* [[dogalif]]
* [[dogalucek]]
* [[dogarosad]]
* [[dogarosadabimül]]
* [[dogem]]
* [[dogibrid]]
* [[dogibridan]]
* [[dogibridöp]]
* [[dogihibridan]]
* [[dogihikälan]]
* [[dogijibridan]]
* [[dogijikälan]]
* [[dogik]]
* [[dogikälan]]
* [[dogikolär]]
* [[dogil]]
* [[dogilik]]
* [[doginulüdot]]
* [[dogül]]
{{der-mid}}
* [[dogülik]]
* [[domadog]]
* [[dugadog]]
* [[farmadog]]
* [[flutülön dogi]]
* [[hidog]]
* [[hidogil]]
* [[hidogül]]
* [[hodog]]
* [[jidog]]
* [[jidogil]]
* [[jidogül]]
* [[jodog]]
* [[krigakäladog]]
* [[lievadog]]
* [[lupadog]]
* [[mitanadog]]
* [[pädritadog]]
* [[sadinadog]]
* [[sigretadog]]
* [[sismaladog]]
* [[sukadog]]
* [[sukäladog]]
* [[vümadog]]
* [[vümadogil]]
* [[yagadog]]
{{der-bottom}}

====Related terms====
* [[doeg]]
* [[toradoeg]]

[[Category:vo:Animals]]
[[Category:vo:Canids]]
[[Category:vo:Dogs]]
[[Category:vo:Mammals]]

[[af:dog]]
[[ang:dog]]
[[ar:dog]]
[[roa-rup:dog]]
[[az:dog]]
[[zh-min-nan:dog]]
[[bg:dog]]
[[bs:dog]]
[[br:dog]]
[[ca:dog]]
[[cs:dog]]
[[cy:dog]]
[[da:dog]]
[[de:dog]]
[[et:dog]]
[[el:dog]]
[[es:dog]]
[[eo:dog]]
[[eu:dog]]
[[fa:dog]]
[[fr:dog]]
[[fy:dog]]
[[ga:dog]]
[[gv:dog]]
[[gd:dog]]
[[gl:dog]]
[[ko:dog]]
[[hy:dog]]
[[hi:dog]]
[[hr:dog]]
[[io:dog]]
[[id:dog]]
[[zu:dog]]
[[is:dog]]
[[it:dog]]
[[kn:dog]]
[[ka:dog]]
[[kk:dog]]
[[kw:dog]]
[[sw:dog]]
[[ku:dog]]
[[ky:dog]]
[[lo:dog]]
[[la:dog]]
[[lv:dog]]
[[lb:dog]]
[[lt:dog]]
[[li:dog]]
[[hu:dog]]
[[mk:dog]]
[[mg:dog]]
[[ml:dog]]
[[mt:dog]]
[[mn:dog]]
[[my:dog]]
[[nah:dog]]
[[fj:dog]]
[[nl:dog]]
[[ja:dog]]
[[no:dog]]
[[oc:dog]]
[[om:dog]]
[[pl:dog]]
[[pt:dog]]
[[ro:dog]]
[[ru:dog]]
[[sm:dog]]
[[sa:dog]]
[[sq:dog]]
[[si:dog]]
[[simple:dog]]
[[sr:dog]]
[[sh:dog]]
[[fi:dog]]
[[sv:dog]]
[[tl:dog]]
[[ta:dog]]
[[te:dog]]
[[th:dog]]
[[ti:dog]]
[[tg:dog]]
[[chr:dog]]
[[tr:dog]]
[[uk:dog]]
[[ug:dog]]
[[vi:dog]]
[[vo:dog]]
[[wo:dog]]
[[zh:dog]]</text>
    </revision>
  </page>
</mediawiki>

