<mediawiki xmlns="http://www.mediawiki.org/xml/export-0.4/" xmlns:xsi="http://www.w3.org/2001/XMLSchema-instance" xsi:schemaLocation="http://www.mediawiki.org/xml/export-0.4/ http://www.mediawiki.org/xml/export-0.4.xsd" version="0.4" xml:lang="de">
  <siteinfo>
    <sitename>Wiktionary</sitename>
    <base>http://de.wiktionary.org/wiki/Wiktionary:Hauptseite</base>
    <generator>MediaWiki 1.16wmf4</generator>
    <case>case-sensitive</case>
    <namespaces>
      <namespace key="-2" case="case-sensitive">Media</namespace>
      <namespace key="-1" case="first-letter">Spezial</namespace>
      <namespace key="0" case="case-sensitive" />
      <namespace key="1" case="case-sensitive">Diskussion</namespace>
      <namespace key="2" case="first-letter">Benutzer</namespace>
      <namespace key="3" case="first-letter">Benutzer Diskussion</namespace>
      <namespace key="4" case="case-sensitive">Wiktionary</namespace>
      <namespace key="5" case="case-sensitive">Wiktionary Diskussion</namespace>
      <namespace key="6" case="case-sensitive">Datei</namespace>
      <namespace key="7" case="case-sensitive">Datei Diskussion</namespace>
      <namespace key="8" case="first-letter">MediaWiki</namespace>
      <namespace key="9" case="first-letter">MediaWiki Diskussion</namespace>
      <namespace key="10" case="case-sensitive">Vorlage</namespace>
      <namespace key="11" case="case-sensitive">Vorlage Diskussion</namespace>
      <namespace key="12" case="case-sensitive">Hilfe</namespace>
      <namespace key="13" case="case-sensitive">Hilfe Diskussion</namespace>
      <namespace key="14" case="case-sensitive">Kategorie</namespace>
      <namespace key="15" case="case-sensitive">Kategorie Diskussion</namespace>
      <namespace key="102" case="case-sensitive">Verzeichnis</namespace>
      <namespace key="103" case="case-sensitive">Verzeichnis Diskussion</namespace>
      <namespace key="104" case="case-sensitive">Thesaurus</namespace>
      <namespace key="105" case="case-sensitive">Thesaurus Diskussion</namespace>
    </namespaces>
  </siteinfo><page>
    <title>dog</title>
    <id>28392</id>
    <revision>
      <id>1408384</id>
      <timestamp>2010-09-10T19:17:09Z</timestamp>
      <contributor>
        <username>Interwicket</username>
        <id>15085</id>
      </contributor>
      <minor />
      <comment>iwiki +[[:cs:bonus]]</comment>
      <text xml:space="preserve">{{also|DOG|dög}}
==English==

===Noun===
{{en-noun}}

# An animal, member of the genus ''[[Canis]]'' (probably descended from the common [[wolf]]) that has been [[domesticated]] for thousands of years; occurs in many breeds. Scientific name: ''[[Canis lupus familiaris]]''.
#: aaa

=====Translations=====
{{trans-top|animal}}
* Abau: {{tø|aau|nwoh}}
* Abaza: {{tø|abq|ла|tr=la}}
{{trans-mid}}
* Japanese: {{t|ja|牡犬|tr=osu-inu}}, {{t|ja|雄犬|tr=osu-inu}}
* Khmer: {{t|km|ឆ្កែបា|sc=Khmr|tr=chkae baa}}
{{trans-bottom}}

[[vo:dog]]
[[wo:dog]]
[[zh:dog]]
</text>
    </revision>
  </page>
</mediawiki>
