
<mediawiki xmlns="http://www.mediawiki.org/xml/export-0.7/" xmlns:xsi="http://www.w3.org/2001/XMLSchema-instance" xsi:schemaLocation="http://www.mediawiki.org/xml/export-0.7/ http://www.mediawiki.org/xml/export-0.7.xsd" version="0.7" xml:lang="en">
  <siteinfo>
    <sitename>Wiktionary</sitename>
    <base>http://en.wiktionary.org/wiki/Wiktionary:Main_Page</base>
    <generator>MediaWiki 1.20wmf9</generator>
    <case>case-sensitive</case>
    <namespaces>
      <namespace key="-2" case="case-sensitive">Media</namespace>
      <namespace key="-1" case="first-letter">Special</namespace>
      <namespace key="0" case="case-sensitive" />
      <namespace key="1" case="case-sensitive">Talk</namespace>
      <namespace key="2" case="first-letter">User</namespace>
      <namespace key="3" case="first-letter">User talk</namespace>
      <namespace key="4" case="case-sensitive">Wiktionary</namespace>
      <namespace key="5" case="case-sensitive">Wiktionary talk</namespace>
      <namespace key="6" case="case-sensitive">File</namespace>
      <namespace key="7" case="case-sensitive">File talk</namespace>
      <namespace key="8" case="first-letter">MediaWiki</namespace>
      <namespace key="9" case="first-letter">MediaWiki talk</namespace>
      <namespace key="10" case="case-sensitive">Template</namespace>
      <namespace key="11" case="case-sensitive">Template talk</namespace>
      <namespace key="12" case="case-sensitive">Help</namespace>
      <namespace key="13" case="case-sensitive">Help talk</namespace>
      <namespace key="14" case="case-sensitive">Category</namespace>
      <namespace key="15" case="case-sensitive">Category talk</namespace>
      <namespace key="90" case="case-sensitive">Thread</namespace>
      <namespace key="91" case="case-sensitive">Thread talk</namespace>
      <namespace key="92" case="case-sensitive">Summary</namespace>
      <namespace key="93" case="case-sensitive">Summary talk</namespace>
      <namespace key="100" case="case-sensitive">Appendix</namespace>
      <namespace key="101" case="case-sensitive">Appendix talk</namespace>
      <namespace key="102" case="case-sensitive">Concordance</namespace>
      <namespace key="103" case="case-sensitive">Concordance talk</namespace>
      <namespace key="104" case="case-sensitive">Index</namespace>
      <namespace key="105" case="case-sensitive">Index talk</namespace>
      <namespace key="106" case="case-sensitive">Rhymes</namespace>
      <namespace key="107" case="case-sensitive">Rhymes talk</namespace>
      <namespace key="108" case="case-sensitive">Transwiki</namespace>
      <namespace key="109" case="case-sensitive">Transwiki talk</namespace>
      <namespace key="110" case="case-sensitive">Wikisaurus</namespace>
      <namespace key="111" case="case-sensitive">Wikisaurus talk</namespace>
      <namespace key="114" case="case-sensitive">Citations</namespace>
      <namespace key="115" case="case-sensitive">Citations talk</namespace>
      <namespace key="116" case="case-sensitive">Sign gloss</namespace>
      <namespace key="117" case="case-sensitive">Sign gloss talk</namespace>
    </namespaces>
  </siteinfo>
  <page>
    <title>goggles</title>
    <ns>0</ns>
    <id>8345</id>
    <revision>
      <id>17407571</id>
      <parentid>17389051</parentid>
      <timestamp>2012-08-11T23:37:12Z</timestamp>
      <contributor>
        <username>DCDuring</username>
        <id>43828</id>
      </contributor>
      <comment>/* Noun */</comment>
      <sha1>1nxzqjhjojz3q12bw7y5qhyhwt8wffr</sha1>
      <text xml:space="preserve" bytes="1891">==English==

===Pronunciation===
* {{a|US}} {{IPA|/ˈɡɑ.ɡəlz/}}
* {{audio|en-us-goggles.ogg|Audio (US)}}

===Etymology===
Probably from [[goggle]] from the appearance it gives the wearer.

===Noun===
{{en-plural noun|sg=goggle}}

# {{plural only}} Protective [[eyewear]] set in a flexible frame to fit snugly against the face.
# {{plural of|goggle}}

====Translations====
{{trans-top|protective eyewear}}
* Chinese:
*: Mandarin: {{qualifier|esp. wind}} {{t|zh|風鏡|sc=Hani}}, {{t|zh|风镜|tr=fēngjìng|sc=Hani}}, {{t|zh|護眼鏡|sc=Hani}}, {{t|zh|护眼镜|tr=hù yǎnjìng|sc=Hani}}
* Dutch: [[veiligheidsbril]] {{m}}, [[beschermende brillen]] {{m|p}}
* Finnish: {{t|fi|suojalasit|p}}, {{t|fi|silmäsuojat|p}}
* French: [[lunettes]] de [[protection]] {{f|p}}, {{t|fr|lunettes|f|p}}
* German: {{t|de|Schutzbrille|f}}
* Greek: [[προστατευτικά δίοπτρα]] {{p}}, {{t|el|προστατευτικά δίοπτρα|p|tr=prostateutiká díoptra|sc=Grek}}
* Interlingua: [[berillos]] [[protective]]
{{trans-mid}}
* Italian: {{t-|it|occhiali di protezione|m|p}}, {{t-|it|occhiali protettivi|m|p}}
* Japanese: {{t|ja|ゴーグル|tr=gōguru|sc=Jpan}}
* Portuguese: [[óculos]] de [[proteção]] {{m|p}}
* Russian: {{t|ru|защитные очки|n|p|tr=zaščítnyje očkí|sc=Cyrl}}, {{qualifier|neologism}} {{t|ru|гоглы|m|p|tr=gógly|sc=Cyrl}}
* Slovak: [[ochranné]] [[okuliare]] {{m|p}}
* Spanish: [[anteojos]] de [[protección]] {{m|p}}, [[gafas]] de [[protección]] {{f|p}}, [[anteojos]] {{m|p}}, [[gafas]] de [[aviador]] {{m|p}}
* Swedish: {{t-|sv|skyddsglasögon|p}}
{{trans-bottom}}

===Verb===
'''goggles'''

# {{third-person singular of|goggle}}

[[de:goggles]]
[[et:goggles]]
[[fr:goggles]]
[[ko:goggles]]
[[io:goggles]]
[[kn:goggles]]
[[my:goggles]]
[[pl:goggles]]
[[fi:goggles]]
[[sv:goggles]]
[[ta:goggles]]
[[te:goggles]]
[[vi:goggles]]
[[zh:goggles]]</text>
    </revision>
  </page>
</mediawiki>

