
<mediawiki xmlns="http://www.mediawiki.org/xml/export-0.7/" xmlns:xsi="http://www.w3.org/2001/XMLSchema-instance" xsi:schemaLocation="http://www.mediawiki.org/xml/export-0.7/ http://www.mediawiki.org/xml/export-0.7.xsd" version="0.7" xml:lang="de">
  <siteinfo>
    <sitename>Wiktionary</sitename>
    <base>http://de.wiktionary.org/wiki/Wiktionary:Hauptseite</base>
    <generator>MediaWiki 1.20wmf7</generator>
    <case>case-sensitive</case>
    <namespaces>
      <namespace key="-2" case="case-sensitive">Medium</namespace>
      <namespace key="-1" case="first-letter">Spezial</namespace>
      <namespace key="0" case="case-sensitive" />
      <namespace key="1" case="case-sensitive">Diskussion</namespace>
      <namespace key="2" case="first-letter">Benutzer</namespace>
      <namespace key="3" case="first-letter">Benutzer Diskussion</namespace>
      <namespace key="4" case="case-sensitive">Wiktionary</namespace>
      <namespace key="5" case="case-sensitive">Wiktionary Diskussion</namespace>
      <namespace key="6" case="case-sensitive">Datei</namespace>
      <namespace key="7" case="case-sensitive">Datei Diskussion</namespace>
      <namespace key="8" case="first-letter">MediaWiki</namespace>
      <namespace key="9" case="first-letter">MediaWiki Diskussion</namespace>
      <namespace key="10" case="case-sensitive">Vorlage</namespace>
      <namespace key="11" case="case-sensitive">Vorlage Diskussion</namespace>
      <namespace key="12" case="case-sensitive">Hilfe</namespace>
      <namespace key="13" case="case-sensitive">Hilfe Diskussion</namespace>
      <namespace key="14" case="case-sensitive">Kategorie</namespace>
      <namespace key="15" case="case-sensitive">Kategorie Diskussion</namespace>
      <namespace key="102" case="case-sensitive">Verzeichnis</namespace>
      <namespace key="103" case="case-sensitive">Verzeichnis Diskussion</namespace>
      <namespace key="104" case="case-sensitive">Thesaurus</namespace>
      <namespace key="105" case="case-sensitive">Thesaurus Diskussion</namespace>
    </namespaces>
  </siteinfo>
  <page>
    <title>Japan</title>
    <ns>0</ns>
    <id>1027</id>
    <revision>
      <id>2453478</id>
      <parentid>2433110</parentid>
      <timestamp>2012-07-15T18:09:59Z</timestamp>
      <contributor>
        <username>YS-Bot</username>
        <id>52155</id>
      </contributor>
      <minor/>
      <comment>Bot: {{Wikipedia2}} =&gt; {{Wikipedia}}, Form</comment>
      <sha1>12pt2218769eald7fk5y2vzqfygh8bm</sha1>
      <text xml:space="preserve" bytes="6390">== Japan ({{Sprache|Deutsch}}) ==
=== {{Wortart|Substantiv|Deutsch}}, {{n}}, {{Wortart|Toponym|Deutsch}} ===

{{Deutsch Substantiv Übersicht
|Bild 1=Flag of Japan.svg|250px|1|''Japans'' Flagge
|Bild 2=LocationJapan.png|250px|1|Lage ''Japans''
|Nominativ Singular=(das) Japan
|Nominativ Plural=—
|Genitiv Singular=(des) Japans
|Genitiv Plural=—
|Dativ Singular=(dem) Japan
|Dativ Plural=—
|Akkusativ Singular=(das) Japan
|Akkusativ Plural=—
}}

{{Artikel Toponym}}

{{Worttrennung}}
:Ja·pan, {{kPl.}}

{{Aussprache}}
:{{IPA}} {{Lautschrift|ˈjaːpaːn}}
:{{Hörbeispiele}} {{Audio|De-Japan.ogg|Japan}}

{{Bedeutungen}}
:[1] [[Inselstaat]] in [[Ostasien]]

{{Herkunft}}
:[[malaiisch]] ''Japang'' (heute [[indon.]] ''{{Ü|id|Jepang}}),'' von [[chinesisch]] {{Üxx|zh|[[hochchinesisch]] Rìběn, [[w:Wade-Giles|Wade-Giles]] jih&lt;sup&gt;4&lt;/sup&gt;-pen&lt;sup&gt;3&lt;/sup&gt;, [[kantonesisch]] yat6 bun2|日本}} „[[Ursprung]] der [[Sonne]]“

{{Abkürzungen}}
:[1] ''[[Kfz]]-Kennzeichen:'' [[J]], ''Internet:'' [[JP]], ''olympisch:'' [[JPN]]

{{Synonyme}}
:[1] [[Land der aufgehenden Sonne]], [[Nippon]] (''selten'' [[Nihon]])

{{Oberbegriffe}}
:[1] [[Land]], [[Staat]]

{{Beispiele}}
:[1] Wenn es in Deutschland sechs Uhr morgens ist, zeigen die Chronometer in ''Japan'' 14 Uhr, während der europäischen Sommerzeit 13 Uhr an.
:[1] „Das Klima'' Japans'' ist aufgrund der Insellage, der Gebirgsrücken und der großen Nord-Süd-Erstreckung sehr uneinheitlich.“&lt;ref&gt;Länderlexikon:Die Welt von A-Z'', Bertelsmann, Stuttgart, Seite 204&lt;/ref&gt;
:[1] ''Das Japan'' der 90er war durch eine sehr schlechte Wirtschaftslage geprägt.

{{Abgeleitete Begriffe}}
:[[Japaner]]/[[Japanerin]], [[japanisch]], [[Japanisierung]], [[Japanologie]], [[Japanpapier]]

==== Übersetzungen ====
{{Ü-links}}
*{{af}}: [1] {{Ü|af|#Japan (Afrikaans)|Japan}}
*{{ar}}: [1] {{Üxx|ar|Yābān|يابان}}
*{{bs}}: [1] {{Ü|bs|#Japan (Bosnisch)|Japan}}
*{{br}}: [1] {{Ü|br|Japon}}
*{{bg}}: [1] {{Üxx|bg|Japonija|Япония}}
*{{bua}}:[1] {{Ü|bua|Жибэн}}
*{{chr}}: [1] {{Üxx|chr|Tsaquani|ᏣᏆᏂ}}
*{{zh}}: [1] {{Üxx|zh|Rìběn|日本}}
:*{{nan}}: [1] {{Ü|nan|Ji̍t-pún}}
*{{da}}: [1] {{Ü|da|#Japan (Dänisch)|Japan}}
*{{en}}: [1] {{Ü|en|#Japan (Englisch)|Japan}}
*{{eo}}: [1] {{Ü|eo|Japanio}}
*{{et}}: [1] {{Ü|et|Jaapan}}
*{{fi}}: [1] {{Ü|fi|Japani}}
*{{fr}}: [1] {{Ü|fr|Japon}} {{m}}
*{{el}}: [1] {{Üxx|el|Iaponía|Ιαπωνία}}
*{{he}}: [1] {{Üxx|he|Yapan|יפן}}
*{{hi}}: [1] {{Üxx|hi|Jāpān|जापान}}
*{{id}}: [1] {{Ü|id|Jepang}}
*{{ia}}: [1] {{Ü|ia|Japon}}
*{{ga}}: [1] {{Üxx3|ga|an tSeapáin|Seapáin}}
*{{is}}: [1] {{Ü|is|#Japan (Isländisch)|Japan}}
*{{it}}: [1] {{Ü|it|Giappone}}
*{{ja}}: [1] {{Üxx|ja|にほん / にっぽん, nihon / nippon|日本}}
*{{ca}}: [1] {{Ü|ca|Japó}}
*{{ko}}: [1] {{Üxx|ko|Ilbon|일본}}
*{{hr}}: [1] {{Ü|hr|#Japan (Kroatisch)|Japan}}
*{{lo}}: [1] {{Üxx|lo|pathét-gnipoun|ປະເທດຍີ່ປຸ່ນ}}
*{{la}}: [1] {{Ü|la|Iaponia}}, {{Ü|la|Japonia}}
*{{lv}}: [1] {{Ü|lv|Japāna}}
{{Ü-Abstand}}
*{{lt}}: [1] {{Ü|lt|Japonija}}
*{{ms}}: [1] {{Ü|ms|Jepun}}
*{{mn}}: [1] {{Üxx|mn|Japon|Япон}}
*{{nl}}: [1] {{Ü|nl|#Japan (Niederländisch)|Japan}}
*{{no}}: [1] {{Ü|no|#Japan (Norwegisch)|Japan}}
*{{fa}}: [1] {{Üxx|fa|Jāp?n|ژاپن}}
*{{pl}}: [1] {{Ü|pl|Japonia}}
*{{pt}}: [1] {{Ü|pt|Japão}}
*{{rm}}: [1] {{Ü|rm|Giapun}}
*{{ro}}: [1] {{Ü|ro|Japonia}}
*{{ru}}: [1] {{Üxx|ru|Japonija|Япония}}
*{{sv}}: [1] {{Ü|sv|#Japan (Schwedisch)|Japan}}
*{{sr}}: [1] {{Üxx|sr|[[#Japan (Serbisch)|Japan]]|Јапан}}
*{{sk}}: [1] {{Ü|sk|Japonsko}}
*{{sl}}: [1] {{Ü|sl|Japonska}}
*{{dsb}}: [1] {{Ü|dsb|Japańska}}
*{{hsb}}: [1] {{Ü|hsb|Japanska}}, {{Ü|hsb|Japonska}}
*{{es}}: [1] {{Ü|es|Japón}}
*{{tl}}: [1] {{Ü|tl|Hapon}}
*{{th}}: [1] {{Üxx|th||ประเทศญี่ปุ่น}}
*{{cs}}: [1] {{Ü|cs|Japonsko}}
*{{tr}}: [1] {{Ü|tr|Japonya}}
*{{uk}}: [1] {{Üxx|uk|Japonija|Японія}}
*{{hu}}: [1] {{Ü|hu|Japán}}
*{{ur}}: [1] {{Üxx|ur|Nīhūn|نیہون}}
*{{vi}}: [1] {{Ü|vi|Nhật Bản}}
*{{cy}}: [1] {{Ü|cy|#Japan (Walisisch)|Japan}}
{{Ü-rechts}} &lt;!-- für weitere Sprachkürzel siehe den Link unterhalb des Editierfensters --&gt;

{{Referenzen}}
:[1] {{Wikipedia|Japan}}
:[1] {{Ref-Canoo|Japan}}
:[1] {{Ref-UniLeipzig|Japan}}

{{Quellen}}
{{Staaten Asien (Deutsch)}}

{{2x----}}

== Japan ({{Sprache|Englisch}}) ==
=== {{Wortart|Substantiv|Englisch}}, {{Wortart|Toponym|Englisch}} ===

{{Englisch Substantiv Übersicht
|Singular=Japan
|Plural=—
}}
{{Worttrennung}}
:Ja·pan, {{kPl.}}

{{Aussprache}}
:{{IPA}} {{Lautschrift|dʒəˈpæn}}
:{{Hörbeispiele}} {{Audio|En-us-Japan.ogg|Japan (US-amerikanisch)}}

{{Bedeutungen}}
:[1] Land in Ostasien; [[#Japan (Deutsch)|Japan]]

{{Oberbegriffe}}
:[1] [[country]]

{{Beispiele}}
:[1] Tokyo is the capital of ''Japan.''
:: Tokio ist die Hauptstadt ''Japans.''

{{Redewendungen}}
:[[big in Japan]]

{{Abgeleitete Begriffe}}
:[[Japanese]]

==== Übersetzungen ====
{{Ü-links}}
:{{Übersetzungen umleiten|1|Japan|1}}
{{Ü-rechts}}

{{Referenzen}}
:[1] {{Wikipedia|spr=en|Japan}}

{{2x----}}

== Japan ({{Sprache|Schwedisch}}) ==
=== {{Wortart|Eigenname|Schwedisch}}, {{Wortart|Toponym|Schwedisch}} ===

{{Schwedisch Eigenname Übersicht
|Nominativ Singular=Japan
|Nominativ Plural=—
|Genitiv Singular=Japans
|Genitiv Plural=—
}}

{{Worttrennung}}
:Ja·pan, {{kPl.}}

{{Bedeutungen}}
:[1] Inselstaat in Ostasien

{{Beispiele}}
:[1] Jag kommer från ''Japan.''
::Ich komme von ''Japan.''

==== Übersetzungen ====
{{Ü-links}}
:{{Übersetzungen umleiten|1|Japan|1}}
{{Ü-rechts}}

{{Referenzen}}
:[1] {{Wikipedia|spr=sv|Japan}}

{{Ähnlichkeiten}}
:[[Japon]]

[[bg:Japan]]
[[ca:Japan]]
[[cs:Japan]]
[[cy:Japan]]
[[da:Japan]]
[[el:Japan]]
[[en:Japan]]
[[es:Japan]]
[[et:Japan]]
[[fa:Japan]]
[[fi:Japan]]
[[fr:Japan]]
[[fy:Japan]]
[[gl:Japan]]
[[hi:Japan]]
[[hr:Japan]]
[[hu:Japan]]
[[id:Japan]]
[[io:Japan]]
[[is:Japan]]
[[it:Japan]]
[[ja:Japan]]
[[kk:Japan]]
[[kn:Japan]]
[[ko:Japan]]
[[la:Japan]]
[[lb:Japan]]
[[li:Japan]]
[[lo:Japan]]
[[lt:Japan]]
[[mg:Japan]]
[[ms:Japan]]
[[nl:Japan]]
[[nn:Japan]]
[[no:Japan]]
[[pl:Japan]]
[[pt:Japan]]
[[ro:Japan]]
[[ru:Japan]]
[[sh:Japan]]
[[simple:Japan]]
[[sv:Japan]]
[[sw:Japan]]
[[ta:Japan]]
[[tg:Japan]]
[[th:Japan]]
[[tr:Japan]]
[[uk:Japan]]
[[vo:Japan]]
[[za:Japan]]
[[zh:Japan]]
[[zh-min-nan:Japan]]</text>
    </revision>
  </page>
</mediawiki>

