
<mediawiki xmlns="http://www.mediawiki.org/xml/export-0.7/" xmlns:xsi="http://www.w3.org/2001/XMLSchema-instance" xsi:schemaLocation="http://www.mediawiki.org/xml/export-0.7/ http://www.mediawiki.org/xml/export-0.7.xsd" version="0.7" xml:lang="ru">
  <siteinfo>
    <sitename>Викисловарь</sitename>
    <base>http://ru.wiktionary.org/wiki/%D0%97%D0%B0%D0%B3%D0%BB%D0%B0%D0%B2%D0%BD%D0%B0%D1%8F_%D1%81%D1%82%D1%80%D0%B0%D0%BD%D0%B8%D1%86%D0%B0</base>
    <generator>MediaWiki 1.20wmf5</generator>
    <case>case-sensitive</case>
    <namespaces>
      <namespace key="-2" case="case-sensitive">Медиа</namespace>
      <namespace key="-1" case="first-letter">Служебная</namespace>
      <namespace key="0" case="case-sensitive" />
      <namespace key="1" case="case-sensitive">Обсуждение</namespace>
      <namespace key="2" case="first-letter">Участник</namespace>
      <namespace key="3" case="first-letter">Обсуждение участника</namespace>
      <namespace key="4" case="case-sensitive">Викисловарь</namespace>
      <namespace key="5" case="case-sensitive">Обсуждение Викисловаря</namespace>
      <namespace key="6" case="case-sensitive">Файл</namespace>
      <namespace key="7" case="case-sensitive">Обсуждение файла</namespace>
      <namespace key="8" case="first-letter">MediaWiki</namespace>
      <namespace key="9" case="first-letter">Обсуждение MediaWiki</namespace>
      <namespace key="10" case="case-sensitive">Шаблон</namespace>
      <namespace key="11" case="case-sensitive">Обсуждение шаблона</namespace>
      <namespace key="12" case="case-sensitive">Справка</namespace>
      <namespace key="13" case="case-sensitive">Обсуждение справки</namespace>
      <namespace key="14" case="case-sensitive">Категория</namespace>
      <namespace key="15" case="case-sensitive">Обсуждение категории</namespace>
      <namespace key="100" case="case-sensitive">Приложение</namespace>
      <namespace key="101" case="case-sensitive">Обсуждение приложения</namespace>
      <namespace key="102" case="case-sensitive">Конкорданс</namespace>
      <namespace key="103" case="case-sensitive">Обсуждение конкорданса</namespace>
      <namespace key="104" case="case-sensitive">Индекс</namespace>
      <namespace key="105" case="case-sensitive">Обсуждение индекса</namespace>
      <namespace key="106" case="case-sensitive">Рифмы</namespace>
      <namespace key="107" case="case-sensitive">Обсуждение рифм</namespace>
    </namespaces>
  </siteinfo>
  <page>
    <title>вода</title>
    <ns>0</ns>
    <id>1465</id>
    <revision>
      <id>3186003</id>
      <timestamp>2012-05-05T23:03:47Z</timestamp>
      <contributor>
        <username>KamikazeBot</username>
        <id>39113</id>
      </contributor>
      <minor/>
      <comment>r2.7.2) (робот добавил: [[ps:вода]]</comment>
      <sha1>gy3dnialv09jg1pkerl5vfo6wifcvvv</sha1>
      <text xml:space="preserve" bytes="39688">{{статья недели|40|2006}}
{{Сводеш-200|150}}
{{commons|Category:Water}}
{{wikipedia}}
= {{-ru-}} =

=== Морфологические и синтаксические свойства ===
{{сущ ru f ina 1d'
|основа=вод
|основа1=во́д
|show-text=1
|слоги={{по-слогам|во|да́}}
|клитика=''на воду'', ''по воду'', ''под воду''
}}

{{морфо||вод||а}}

=== Произношение ===
{{transcriptions|vɐˈda|ˈvo̞dɨ̞}}

==== Омофоны ====
* вод → [[вот]]

==== Рифмы ====
* Ед. ч., им. п.: [[Рифмы:ˈda|{{fonts|-ˈda}}]]
* Ед. ч., тв. п.: [[Рифмы:ˈoj|{{fonts|-ˈo̞j}}]]
* Мн. ч., им./в. п.: [[Рифмы:ˈodɨ|{{fonts|-ˈo̞dɨ}}]]
* Мн. ч., р. п.: [[Рифмы:ˈot|{{fonts|-ˈo̞t}}]]

=== Семантические свойства ===

{{илл|Water droplet blue bg05.jpg|Капля, ударяющаяся о поверхность воды́ [1]}}
==== Значение ====
# [[влага]], прозрачная бесцветная [[жидкость]] {{пример|Ключевая {{выдел|вода}}.}} {{пример|Колодезная {{выдел|вода}}.}}
# {{хим.}} [[оксид]] [[водород]]а, H₂O {{пример|Температура кипения воды{{-}}100 °C.}} {{пример|{{кавычки|ru|Мы нашли {{выдел|воду}}}},{{-}}сказал Уильям Бойнтон из университета Аризоны, один из ведущих учёных проекта.||NASA: зонд Phoenix подтвердил наличие {{выдел|воды}} на Марсе|2008|издание=Gazeta.ru}}
# [[безалкогольный]] [[напиток]], состоящий большей частью из воды в значении [1] или [2], в особенности с примесью [[газ]]а, [[сахар]]а и [[краситель|красителей]] {{пример|Газированная {{выдел|вода}} «Буратино».}} {{пример|Магазин «Соки и {{выдел|во́ды}}».}} {{пример|Купи какой-нибудь {{выдел|воды́}}.}}
# {{полит.}}, {{помета|мн. ч.}} [[часть]] морского [[пространство|пространства]] {{пример|Нейтральные {{выдел|во́ды}}.}} {{пример|Территориальные {{выдел|во́ды}}.}}
# {{помета|мн. ч.}} целебный [[источник]] либо [[лечение]] с его помощью {{пример|Он уехал на {{выдел|во́ды}} в Ессентуки.}}
# {{п.}} слишком [[жидкий]], [[невкусный]] либо [[малопитательный]] [[суп]], [[соус]] либо [[напиток]] {{пример|Ты что меня {{выдел|водою}} потчуешь?}}
# {{п.}} [[малосодержательный]] [[текст]] {{пример|Прочитал его статью{{-}}сплошная {{выдел|вода}}.}}
# {{п.}}, {{разг.}} [[слеза|слёзы]] {{пример|Хватит {{выдел|воду}} лить.}}
# {{устар.}} [[мера]] [[качество|качества]] [[алмаз]]а {{пример|Алмаз чистой {{выдел|воды}}.}}; также перен. в знач. [[отъявленный]], [[типичный]], [[отпетый]] {{пример|Негодяй чистейшей {{выдел|воды}}.}}
# {{диал.}} ''поморск.'' [[прилив]], [[отлив]], а также промежуток времени между ними {{пример|{{выдел|Вода}} большая{{-}}прилив. {{выдел|Вода}} кроткая{{-}}отлив, состояние воды во время наибольшего отлива, затишье при смене отливно-приливных течений. {{выдел|Вода}} малая{{-}}отлив.|Б. В. Шергин|Словарь поморских и специальных слов и выражений, объяснение собственных имён и названий|1930-1960|источник=НКРЯ}}
# {{диал.}} ''поморск.'' год в возрасте судна {{пример|Ладья на четвёртой воде|Даль}}
# {{мед.}} {{мн.}} околоплодная жидкость {{пример|На третий день он узнал, что роды начались ночью, на рассвете прошли {{выдел|воды}} и с утра не прекращаются сильные схватки.|Б. Л. Пастернак|Доктор Живаго|1945-1955|источник=НКРЯ}}

==== Синонимы ====
# частичн.: [[влага]]
# H₂O, HOH, [[оксид]] [[водород]]а, [[окись]] [[водород]]а, [[дигидрид]] [[кислород]]а, [[гидроксид]] [[водород]]а, [[гидроокись]] [[водород]]а, [[дигидромоноксид]]
# [[напиток]], [[содовая]], [[газировка]], [[пойло]] (разг., пренебр.)
# [[акватория]]
# частичн.: [[источник]], [[ключ]]; [[лечение]]
# [[пойло]] (разг., пренебр.)
# [[пустая болтовня]]
# [[плач]], [[рыдания]]
# -
# -
# -
# [[околоплодная жидкость]]

==== Антонимы ====
# (элементы) [[огонь]], [[воздух]], [[земля]]; (фразеол. антоним) [[хлеб]]
# -
# -
# [[суша]]
# -
# -
# [[гуща]]
# -
# -

==== Гиперонимы ====
# [[жидкость]]; [[питьё]], [[напиток]]; [[растворитель]]
# [[оксид]], [[гидроксид]], [[гидрид]]
# [[жидкость]]; [[питьё]], [[напиток]]
# [[пространство]]; [[море]], [[океан]]
# [[лечение]], [[источник]]
# [[жидкость]]
# [[текст]]
# -
# [[мера]], [[качество]]
# -
# [[год]]
# -

==== Гипонимы ====
# [[лёд]], [[снег]], [[дождь]], [[роса]], [[кипяток]], [[пар]], [[облако]], [[туман]], [[град]], [[иней]]
# -
# частичн.: [[газированная вода]] ([[газировка]]), [[сок]], [[нектар]], [[сидр]], [[лимонад]]
# -
# -
# -
# -
# -
# -
# [[прилив]], [[отлив]]
# -
# -
==== Меронимы ====
# -
# [[водород]], [[кислород]]
# -
# -
# -
# -
# -
# -
# -

=== Устойчивые сочетания ===
&lt;div class=&quot;NavFrame&quot;&gt;&lt;div class=&quot;NavHead&quot; style=&quot;clear:right; text-align: left; padding-left: 0.8em;&quot;&gt;&lt;/div&gt;&lt;div class=&quot;NavContent&quot; align=&quot;left&quot;&gt;
* [[питьевая вода]]
* [[водопроводная вода]]
* [[вода из-под крана]]
* [[кипячёная вода]]
* [[колодезная вода]]
* [[родниковая вода]]
* [[минеральная вода]]
* [[пресная вода]]/[[солёная вода]]/[[морская вода]]
* [[мягкая вода]]/[[жёсткая вода]]
* [[живая вода]]/[[мёртвая вода]]
* [[студёная вода]]/[[варёная вода]]
* [[святая вода]]
* [[талая вода]]
* [[огненная вода]]
* [[тяжёлая вода]]
* [[лёгкая вода]]
* [[дистиллированная вода]]
* [[деионизированная вода]]
* [[структурированная вода]]
* [[исторические воды]]
* [[нейтральные воды]]
* [[территориальные воды]]
* [[сточные воды]]
* [[грунтовые воды]]
* [[вешние воды]]
* [[дождевая вода]]
* [[большая вода]]; [[прибылая вода]] / [[малая вода]]; [[сухая вода]]
&lt;/div&gt;&lt;/div&gt;

==== Типичные сочетания ====
&lt;div class=&quot;NavFrame&quot;&gt;&lt;div class=&quot;NavHead&quot; style=&quot;clear:right; text-align: left; padding-left: 0.8em;&quot;&gt;&lt;/div&gt;&lt;div class=&quot;NavContent&quot; align=&quot;left&quot;&gt;
* вода [[литься|льётся]], [[течь|течёт]], [[капать|капает]], [[плескаться|плещется]]; [[бить|бьёт]] ([[ключ]]ом, [[фонтан]]ом); [[брызгать|брызгает]], [[пениться|пенится]]; [[журчать|журчит]], [[шуметь|шумит]], [[булькать|булькает]], [[бурлить|бурлит]]; [[искриться|искрится]], [[блестеть|блестит]]; [[закипать|закипает]], [[кипеть|кипит]]; [[зацветать|зацветает]], [[цвести|цветёт]]
* воду [[пить|пьют]], [[лакать|лакают]], [[хлебать|хлебают]]; [[наливать|наливают]], [[переливать|переливают]], [[выливать|выливают]], [[спускать|спускают]]; [[подогревать|подогревают]], [[кипятить|кипятят]]; [[дистиллировать|дистиллируют]]
* воды́ [[отливать|отливают]], [[наливать|наливают]], [[плескать|плескают]]; [[нахлебаться|нахлёбываются]], могут [[глотнуть]]
* по́ воду [[ходить|ходят]]
* в воду [[нырять|ныряют]], [[окунаться|окунаются]]; [[окунать|окунают]]
* в воде [[плавать|плавают]], [[плескаться|плещутся]], [[барахтаться|барахтаются]], [[тонуть|тонут]]; [[топить|топят]]; [[растворять|растворяют]], [[разводить|разводят]]; [[отражаться|отражаются]]; [[мокнут]]
* водой, водою (реже) [[захлёбываться|захлёбываются]]; [[плескаться|плескаются]], [[брызгаться|брызгаются]]; [[обливаться|обливаются]]; [[разбавлять|разбавляют]], [[разводить|разводят]]; [[заправлять|заправляют]] (паровозы); [[заливать|заливают]], [[тушить|тушат]]; [[поливать|поливают]]
* по воде [[плавать|плавают]] (птицы и суда), [[ходить|ходят]] (корабли)
* на воду [[спускать|спускают]] (суда)
* во́ды [[отходить|отходят]]
&lt;/div&gt;&lt;/div&gt;

==== Фразеологизмы ====
&lt;div class=&quot;NavFrame&quot;&gt;&lt;div class=&quot;NavHead&quot; style=&quot;clear:right; text-align: left; padding-left: 0.8em;&quot;&gt;&lt;/div&gt;&lt;div class=&quot;NavContent&quot; align=&quot;left&quot;&gt;
{{table-top|ffffff}}
* [[буря в стакане|буря в стакане воды]]
* [[в воде не тонет, в огне не горит]]
* [[в рот воды набрать]]
* [[вилами по воде]]
* [[вода на мельницу|вода на &lt;i&gt;чью-либо&lt;/i&gt; мельницу]]
* [[водой не разольёшь]]
* [[воды не замутит|воды́ не замутит]]
* [[вывести на чистую воду]]
* [[выйти сухим из воды]]
* [[дуть на воду, обварившись молоком]]
* [[идти в огонь и в воду]]
* [[как в воду глядеть]]
* [[как в воду кануть]]
* [[как воды в рот набрать]]
* [[как две капли воды]]
* [[как рыба в воде]]
* [[как с гуся вода]]
* [[концы в воду]]
{{table-mid|ffffff}}
* [[ловить рыбу в мутной воде]]
* [[много воды утекло|много воды утекло &lt;i&gt;с тех пор&lt;/i&gt;]]
* [[мутить воду]]
* [[мыть в семи водах]]
* [[на своём молоке обжёгшись, на чужую воду дуть]]
* [[на хлебе и воде]]
* [[не с лица воду пить]]
* [[носить воду решетом]]
* [[отошли воды|отошли во́ды]]
* [[по воде аки посуху]]
* [[седьмая вода на киселе]]
* [[темна вода в облацех]]
* [[тише воды ниже травы]]
* [[толочь воду в ступе]]
* [[точно в воду опущенный|как/точно в воду опущенный]]
* [[через огонь, воду и медные трубы]]
* [[чистейшей воды]]
* [[ходить по воде]]
{{table-bot}}
&lt;/div&gt;&lt;/div&gt;

==== Пословицы ====
&lt;div class=&quot;NavFrame&quot;&gt;&lt;div class=&quot;NavHead&quot; style=&quot;clear:right; text-align: left; padding-left: 0.8em;&quot;&gt;&lt;/div&gt;&lt;div class=&quot;NavContent&quot; align=&quot;left&quot;&gt;
* [[под лежачий камень вода не течёт]]
* [[вода щёлочку найдёт|вода (водичка) дырочку/щёлочку найдёт]]
* [[вода камень точит|вода камень то́чит]]
* [[тихие воды глубоки|тихие воды глубоки́]]
* [[вода дороже золота]]
* [[истина в вине, здоровье в воде]]
* [[не зная броду, не суйся в воду]]
* [[кто опоздает, тот воду хлебает]]
* [[пойдёт вода Кубань-реки, куда хотят большевики]] (совет.)
* [[вода и мельницы ломает]]
* [[обжёгся на молоке, дует и на воду]]
&lt;/div&gt;&lt;/div&gt;

==== Народные приметы ====
* [[апрель с водою — май с травою]]

==== Загадки ====
* [[в печь положишь — размокнет, в воду положишь — высохнет]]
* [[в земле не гниёт, бросишь в воду — поплывёт]]
* [[в лесу родилась, на воде живёт]]
* [[чёрная корова целый ушат воды выпила]]
* [[две сестрицы пошли в воду купаться, а братец на берегу живёт]]

=== Родственные слова ===
{{родств:вода}}

=== Анаграммы ===
* вода - во ад, адов, о два (кислород)
* воде — [[двое]], [[дево]], веду
* в воде - вдове
* водах — [[вход]]а

=== Метаграммы ===
{{илл|метаграммы вода.svg|Граф цепочек метаграмм}}

* [[кода]], [[мода]], [[сода]]
* [[веда]]
* [[Вова]], [[вона]]
* [[воз]]а, [[вол]]а, [[вор]]а, [[вид]]а, [[год]]а, [[код]]а, [[род]]а, [[ход]]а, [[йод]]а, [[водить|води]]

&lt;br style=&quot;clear:all;&quot; /&gt;

=== Этимология ===
От {{этимология:вода}}

Считается, что в праиндоевропейском существовало два корня для обозначения воды:
* [[Корень:ap|*ap-]] обозначал воду как «живую» силу природы, в то время как
* [[Корень:wed|*wed-]] обозначал воду как неодушевлённую субстанцию.

Первый корень сохранился в санскритском &lt;i&gt;{{fonts|āpaḥ}}&lt;/i&gt; и персидском &lt;i&gt;āb&lt;/i&gt;, в то время как от второго корня непосредственно образовались:

* старославянское &lt;i&gt;вода&lt;/i&gt; (ср. болг./мак./серб./укр. &lt;i&gt;вода&lt;/i&gt;, босн./серб./словацк./словенск./хорв./чешск. [[voda]], польск./верхнелуж. [[woda]]); при раннем чередовании гласных отсюда же пошли [[выдра]] и [[ведро]]
* протогерманское &lt;i&gt;watar&lt;/i&gt; (ср. {{lang|en|water}}, [[wet]], {{lang|de|Wasser}}, исл./норв. [[vatn]], шведск. [[vatten]], {{lang|da|vand}}, фризск. [[wetter]], исл. [[vatna]] и т. д.)
* санскр. &lt;i&gt;udnah&lt;/i&gt;
* {{lang|lt|vanduo}}
* гаэльск. &lt;i&gt;uisge&lt;/i&gt; (ср. шотл. [[uisge]], ирл. [[uisce]], англ. [[whiskey]], русск. [[виски]])
* древнепрусское &lt;i&gt;wundan&lt;/i&gt;
* а также греч. [[ύδωρ]], которое, в свою очередь, было заимствовано множеством языков (ср. корень [[Корень:hydr|-hydr-]] в германских, [[Корень:гидр|-гидр-]] в славянских языках).

Кроме того, от корня [[Корень:wed|*wed-]] образовалось {{lang|la|unda|волна}}, от которого пошли исп. [[onda]], фр. [[onde]], [[ondine]] и т. п., а также {{lang||Undine|Ундина}} — имя русалки в немецкой мифологии.

Таким образом в русском языке со словом «вода» отдалённо родственны:

* [[ведро]]
* [[выдра]]
* [[ватерлиния]], [[ватерклозет]], [[ватербак]], [[ватерпруф]], [[ватерпас]], [[кильватер]], [[фарватер]] и т. п.
* [[виски]]
* [[гидра]], [[гидрант]], [[гидроэлектростанция]], [[гидрометцентр]], [[гидросфера]], [[гидрохлорид]], [[пергидроль]] и т. п.
* [[Ундина]]

Использование слова «вода» в значении «мера качества алмаза» является, по всей вероятности, следствием ошибочного перевода из арабского, в котором слово {{fonts|[[ماء]]}} {{мфа?|māʔ}} означает не только «вода», но и «[[блеск]]», «великолепие».

В русском тж. существует омонимичный корень [[Корень:вод|-вод- (II)]], не имеющий никакого отношения к воде (→ завод, перевод, развод, хоровод, поводырь, проводник,…). Существуют также слова, в которых встречаются оба корня одновременно (→ водопровод, Водовзводная башня). Подробности см. в статье о [[Корень:вод|корне -вод-]].

=== Перевод ===
{{перев-блок|влага
|abq=[[дзы]]
|ab=[[аӡы]]
|av=[[лъим]]
|ae=:[𐬀𐬞] (ap)
|agx=[[хьед]]
|ady=[[псы]]
|az=[[سو]], [[su]]
|ay=[[uma]]
|ain.lat=[[vaxka]]
|sq=[[ujë]]
|als=[[Wasser]]
|ale=[[muka-muk]]
|alt=[[суу]]
|alr=[[mí-məl]] ([[мимыл]])
|en=[[water]]
|ar=[[ماء]] (mā’) {{m}}
|an=[[aigua]]
|arc.syr=[[ܡܝܐ]] (mayyā)
|arn=[[ko]]
|hy=[[ջուր]] (jur)
|rup=[[apã]]
|asm=[[জল]] (jôl); [[পানী]] (pānī)
|ast=[[agua]]
|af=[[water]]
|bar=[[Wossa]]
|ban=[[yeh]]
|bm=[[ji]]
|eu=[[ur]], [[ura]]
|ba=[[һыу]]
|be=[[вада]] {{f}}
|bem=[[amenshi]]
|bn=[[জল]] (jôl); [[পানি]] (pāni)
|my=[[ရေ]]
|bg=вода {{f}}
|bs=[[voda]] {{f}}
|brh=[[دیر]] (dīr)
|br=[[dour]], [[deur]]
|bua=[[уһан]]
|cy=[[dŵr]], [[dwfr]]
|wa=[[aiwe]], [[êwe]]
|war=[[tubig]]
|hu=[[víz]], [[öntöz]]
|ven=[[maḓi]]
|vec=[[aqua]]
|vep=[[vezi]]
|hsb=[[woda]] {{f}}
|vot=[[vesi]]
|vo=[[vat]]
|wo=[[ndox]] (ndoh)
|vro=[[vesi]]
|vi=[[nước]]
|haw=[[wai]]
|gag=[[su]]
|ht=[[dlo]]
|gl=[[agua]] {{f}}, [[auga]] {{f}}
|ze=[[ægua]]
|kl=[[imeq]]
|el=[[νερό]] {{n}}, [[υδρóβιóς]]
|ka=[[წყალი]] (cqali)
|gn=[[y]], [[î]]
|gu=[[પાણી]] (pāṇī)
|gd=[[uisge]]
|dar=[[шин]]
|prs=[[آب]] (āb)
|da=[[vand]]
|dv=[[ފެން]] (fen)
|dlg=[[уу]] 
|ang=[[wæter]]
|goh=[[waʒʒar]]
|grc=[[ὕδωρ]]
|sgs=[[ondou]]
|zza=[[ab]]; [[awe]]
|zu=[[nzi|amanzi]]
|he=[[מים]] (mayim)
|ibo=[[mmiri]]
|yi=[[װאַסער]]
|io=[[aquo]]
|ilo=[[danom]]
|inh=[[хий]]
|id=[[air]]
|ia=[[aqua]]
|iu=[[imaq]]
|ik=[[imiq]]
|ga=[[uisce]]
|is=[[vatna]], [[vatn]]; [[sjór]]; [[á]]; [[veita vatui á]]; [[vökva]]
|es=[[agua]] {{f}} (употр. с арт. м. р.)
|it=[[acqua]] {{f}}
|yo=[[omi]]
|kbd=[[псы]]
|kk=[[су]]
|xal=[[усн]]
|kn=[[ನೀರು]] (nīru)
|pam=[[danúm]]
|kaa=[[suw]]
|krc=[[суу]]
|krl=[[vezi]]
|ca=[[aigua]] {{f}}
|kas=[[आब]], [[آب]] (āb); [[पोञ]], [[پونی]] (pōn), [[ज़ल]], [[زل]] (zal); 
|csb=[[wòda]]
|qu=[[yaku]], [[unu]]
|kik=[[mai]] 
|rw=[[amazi]]
|ky=[[суу]]
|zh-tw=[[水]]
|zh-cn=[[水]] ([[shǔi]])
|nan=[[chúi]]
|koi=[[ва]]
|kg=[[maza]]
|kok=[[उद्दाक]] (uddāka)
|ko=[[물]]
|kw=[[dowr]] {{m}}
|co=[[acqua]]
|xh=[[nzi|amanzi]]
|crh=[[suv]]
|kum=[[сув]]
|ku=[[av]] ([[ئاڤ]])
|lbe=[[щин]]
|lo=[[ນ້ຳ]] (nam)
|la=[[aqua]] {{f}}, [[liquor]]
|lv=[[ūdens]]
|lez=[[яд]]
|li=[[water]]
|ln=[[mái]]
|lt=[[vanduo]] {{m}}
|jbo=[[djacu]]
|lmo=[[àcqua]] {{f}}; [[àqua]] {{f}}
|lb=[[Waasser]] {{n}}
|mk=вода {{f}}
|mg=[[rano]], [[siniben-drano]], [[ráno]]
|ms=[[air]]
|ml=[[പയസ്സ്]]; [[ജലം]] (jalaṃ)
|mt=[[ilma]]
|mnc=[[muke]]
|mi=[[wai]], [[hane]]
|mr=[[पाणी]] (pāṇī), [[जल]]
|chm=[[вӱд]]
|mas=[[enkare]]
|mdf=[[ведь]]
|mo=[[апэ]]
|mn=[[ус]]
|gv=[[ushtey]], [[ushtaghey]]
|nv=[[tó]]
|gld=[[муэ]]
|na=[[ebòk]]
|nah=[[atl]]
|nio=[[бы”]]
|new=[[ला]] (lā)
|nap=[[acqua]]
|de=[[Wasser]] {{n}}
|yrk=[[и”]](и”д)
|ne=[[पानी]] (paani), [[जल]] (jal)
|niv=[[ч'аӽ]] (č'aẖ)
|nl=[[water]] ''s''
|dsb=[[wóda]] {{f}}
|nds=[[water]]
|nov=[[aque]]
|no=[[vann]], [[vatn]]
|roa-nor=[[ieau]]
|oj=[[nibi]] 
|oc=[[aiga]]
|om=[[bishaan]], [[biye]]
|os=[[дон]]
|pag=[[danom]]
|pa=[[ਪਾਣੀ]] (pāṇī), [[ਜਲ]], [[ਆਬ]]
|pap=[[awa]]
|fa=[[آب]] [[âb]]
|pl=[[woda]]
|pt=[[água]] {{f}}
|ps=[[اوبه]] (obâ)
|pms=[[eva]]
|rap=[[vai]]
|rmy=[[panì]]
|ro=[[apă]] {{f}}
|sjd=[[ча̄дзь]]
|sm=[[vai]]
|sa=[[जलः]] (jalaḥ); [[आपः]] (āpaḥ); [[उदनः]] (udanaḥ); [[अम्बुः]] (ambuḥ)
|sc=[[aba]]; [[àcua]] {{f}} (кампид.)
|ss=[[emanti]]
|ceb=[[túbig]]
|se=[[čáhci]]
|sot=[[metsi]]
|sr-c=вода {{f}}
|sr-l=[[voda]] {{f}}
|szl=[[woda]] {{f}}
|si=[[ජලය]]
|sd=[[پاڻي]] (pāṇī); [[جر]] (jaru)
|scn=[[acqua]], [[occa]], [[vuvù]]
|sk=[[voda]] {{f}}
|sl=[[voda]]
|slovio-c=вода {{f}}
|slovio-l=[[voda]]
|so=[[biyo]]
|srn=[[watra]]
|cu-Cyrl=вода {{f}}
|sw=[[maji]]
|su=[[cai]]
|tab=[[шид]]
|tl=[[túbig]]
|tg=[[об]]
|ty=[[pape]]
|th=[[น้ำ]]
|ta=[[தண்ணீர்]] (taṇṇīr)
|tt=[[су]]
|tt.lat=[[su]]
|ttt=[[гӀов]]
|te=[[నీళ్ళు]] (nīḷḷu)
|tet=[[bee]]
|art=[[telo]]
|tpi=[[wara]]
|tn=[[metsi]]
|tso=[[mati]]
|tyv=[[суг]]
|tr=[[su]]
|tk=[[suw]]
|uby=bzə
|udm=[[ву]]
|uz=[[suv]] ([[сув]])
|ug=[[su]] ([[су]])
|uk=вода {{f}}
|ur=[[پانی]] (pānī)
|fo=[[vatn]]
|fj=[[wai]]
|fi=[[vesi]]
|fr=[[eau]] {{f}} (''pl'' eaux)
|fy=[[wetter]]
|fur=[[aghe]]
|kjh=[[суғ]]
|ha=[[ruwa]]
|hi=[[पानी]] (pānī); [[जल]] (jal)
|hr=[[voda]]
|ch=[[aqua]], [[hånom]]
|ce=[[хи]]
|cs=[[voda]] {{f}}
|rom=[[паны]]
|cv=[[шыв]], ''диал.'' [[шу]]
|ckt=[[мимыл]]
|chy=[[mahpe]]
|sv=[[vatten]]
|sn=[[mvura]]
|cjs=[[суг]] ([[суғ]])
|sco=[[watter]]
|ewe=[[tsi]]
|evn=[[му]]
|eve=[[му]]
|eml=[[aqua]]
|myv=[[ведь]]
|eo=[[akvo]]
|et=[[vesi]]
|yux=[[оожии]]
|yua=[[ha’]]
|jv=[[banyu]], [[wway]], [[wwe]], [[bañu]]
|sah=[[уу]]
|ja=[[水]] (みず, mizú)
}}

&lt;!--  Редкие языки, не поддерживаемые шаблоном перев-блок
==== влага ====
{{table-top}}
* {{alp}}: [['wele]]
* {{aie}}: [[eiki]]
* {{amk}}: [[mereha]]
* {{abs}}: [[air]]
* {{akg}}: [[wei]]
* {{agf}}: [[wir]]
* {{aua}}: [[ñio]]
* {{tay}}: [[usiak]]
* {{kud}}: [[we'aha]]
* {{bzg}}: [[to]]
* {{bjn}}: [[banyu]]
* {{bcm}}: [[koromo]]
* {{bnq}}: [[ake]]
* {{bas}}: [[mbisi]]
* {{bbc}}: [[aek]]
* {{bem}}: [[amenshi]]
* [[Бергамаско]]: [[ègua]]
* {{bhw}}: [[wār]]
* {{bcl}}: [[tubig]]
* {{bhp}}: [[oi]]
* {{bi}}: [[water]]
* {{bla}}: [[aohkíí]]
* {{bgl}}: [[bea]]
* [[Бобо Мандаре]] (южный): [[zou]]
* {{bty}}: [[way]], [[wai]]
* [[Болоньезский]]: [[âcua]]
* {{bdg}}: [[beig]]
* [[Брешиа]]: [[aiva]]
* {{kxd}}: [[aying]]
* {{bwd}}: [[dauda]]
* {{bvk}}: [[danum]]
* {{bzq}}: [[waya]]
* {{mhs}}: [[wae]]
* [[Валенцианский]]: [[aigua]]
* [[Варай-Варай]]: [[tubig]]
* {{hat}}: [[dlo]]
* {{gay}}: [[wih]]
* {{gzn}}: [[waya]]
* [[Галло]]: [[aèv]]
* {{pwg}}: [[okoa]]
* {{gri}}: [[ko]]
* {{gei}}: [[wa]]
* {{gdd}}: [[naz]]
* {{nlg}}: [[mbeti]]
* {{ges}}: [[ar]]
* {{gor}}: [[taluhu]]
* {{dgd}}: [[koɔ|{{fonts|koɔ}}]]
* {{dmr}}: [['er]]
* {{dhv}}: [[medrixadra]]
* [[Джоратай]]: [[îguie]]
* {{diq}}: [[ab]]
* {{dob}}: [[boasi]]
* {{ibg}}: [[danum]]
* [[Калабрезский]]: [[aqua]], [[acqua]]
* {{rmr}}: [[pañí]], [[clariosa]], [[jurba]]
* {{cal}}: [[schaal]]
* {{ceb}}: 
* {{ksx}}: [[wei]]
* {{gil}}: [[ran]]
* [[Креольский]] (Вест-Индия): [[dlo]]
* {{kwf}}: [[kafo]]
* {{uun}}: [[dalúm]], [[dalom]], [[darūm]]
* {{ckb}}: [[aw]], [[ئاو]]
* {{lbv}}: [[ndan]]
* {{lad}}: [[agua]]
* {{llu}}: [[kafo]]
* {{lek}}: [[d̃an]]
* {{tnl}}: [[nu]]
* [[Леонский]]: [[augua]]
* {{lti}}: [[w̃era]]
* {{ljl}}: [[aē]]
* [[Ломбардский]] (окцидентальный): [[àcqua]], [[àqua]]
* {{loj}}: [[wei]]
* {{lb}}: [[waasser]]
* {{mas}}: [[engare]]
* {{maz}}: [[réhé]]
* {{bnf}}: [[wai]]
* {{mbq}}: [[yun]]
* [[Макатао]]: [[ralum]]
* {{map}}: [[vai]]
* {{mgm}}: [[era]]
* {{mvd}}: [[ve]]
* {{mva}}: [[daŋ]]
* {{mrv}}: [[vai]]
* {{mqy}}: [[waé]]
* [[Мантуйский]]: [[aqua]]
* {{arn}}: [[ko]]
* {{mrw}}: [[ig]]
* {{mrq}}: [[vai]]
* {{mh}}: [[ren]], [[aiboj]]
* {{vme}}: [['ve]]
* {{mxz}}: [['wei]]
* {{mek}}: [[fei]]
* {{mxe}}: [[vai]]
* {{mee}}: [[me]]
* {{min}}: [[aie]]
* {{mwl}}: [[auga]]
* {{mpx}}: [[wewel]]
* {{mxd}}: [[hanguy]]
* [[Моденезский]]: [[aqua]]
* {{mog}}: [[tubig]]
* {{mte}}: [[atele]]
* {{mhz}}: [[rarum]]
* {{xmz}}: [[uwoi]]
* {{mtt}}: [[pei]]
* {{meu}}: [[ranu]]
* {{mwh}}: [[aki]]
* {{moh}}: [[ohnekanos]], [[ohneka]]
* {{emi}}: [[ateio]]
* {{nsn}}: [[laur]], [[kodom]]
* {{nia}}: [[idanõ]]
* {{niu}}: [[vai]]
* {{nkr}}: [[vai]]
* {{sij}}: [[tina]]
* {{ogn}}: [[ayax]]
* {{oia}}: [['ira]]
* [[Падуйский]]: [[aqua]]
* {{plw}}: [[danum]], [[danúm]]
* [[Пармезанский]]: [[acqua]]
* [[Пиемонтский]]: [[eva]]
* [[Пиньинь]]: [[shuǐ]]
* {{rar}}: [[vai]]
* [[Реджиано]]: [[aqua]]
* [[Романика]]: [[aqua]]
* {{sro}}: [[àcua]]
* [[Сесото]]: 
* {{fos}}: [[salom]], [[ralaum]], [[dalum]], [[rarum]]
* {{scn}}: [[acqua]], [[occa]], [[vuvù]]
* {{ssq}}: [[wae]]
* {{sob}}: [[rani]]
* {{sov}}: [[saru]], [[tati]]
* {{nso}}: [[meetse]]
* {{swp}}: [[goila]]
* {{tah}}: [[vai]], [[pape]]
* {{th}}: [[น้ำ]]
* {{ssf}}: [[sazum]]
* {{rob}}: [[wai]]
* {{tkw}}: [[ero]]
* {{tio}}: [[ruene]]
* {{tdt}}: [[we]]
* [[Тогоно О'одам]]: [[shuhthagi]]
* {{tkl}}: [[vai]]
* {{ton}}: [[vai]]
* {{tnt}}: [[rano]]
* [[Триестский]]: [[acqua]]
* {{pmt}}: [[vai]]
* {{tvl}}: [[vai]]
* {{tzn}}: [['er]]
* {{tum}}: [[maji]]
* {{tzc}}: [[vo']]
* {{tvm}}: [['vejei]]
* [[Феррарский]]: [[aqua]]
* {{fud}}: [[vai]]
* {{fut}}: [[vai]]
* {{lml}}: [[wai]]
* {{hnn}}: [[danúm]]
* {{htu}}: [[wael]]
* {{hoa}}: [[kuma heleana]]
* {{hop}}: [[kuuyi]]
* {{chp}}: [[tú]]
* {{ny}}: [[madzi]]
* {{chk}}: [[chaan]], [[kkónik]]
* {{gsw}}: [[Wasser]] ''n''
* {{sn}}: [[mvura]]
* [[Эльзасский]]: [[wàsser]]
* {{mmw}}: [[vai]]
* {{emb}}: [[danum]]

--&gt; 
{{перев-блок|химическое соединение
|en=[[water]], [[dihydrogen monoxide]]
|de=[[Wasser]] ''n''
|fr=[[eau]] ''f''
}}

{{перев-блок|напиток
|ab=[[аӡы]]
|en=[[drink]], [[ade]]
|de=[[Getränk]] ''n'' -(e)s, -e
}}

{{перев-блок|часть морского пространства
|en=[[water]]s
|de=[[Gewässer]] ''pl''
|fr=[[eau]]x ''pl''
}}

{{перев-блок|целебный источник
|en=[[spa]]
|de=[[Bad]] ''n'' -(e)s, Bäder, [[Heilbad]] ''n'' -(e)s, -bäder, [[Kurbad]] ''n'' -(e)s, -bäder
|kk=[[арасан]]
}}

{{перев-блок|малосодержательный текст 
|en=[[watery prose]]
}}

= {{-bg-}} =
{{wikipedia|lang=bg|Вода}}

=== Морфологические и синтаксические свойства ===
{{сущ bg f 41|вод|слоги={{по-слогам|во|да}}
}}

=== Произношение ===
{{transcription|}}

=== Семантические свойства ===
==== Значение ====
# вода в значении 1 (влага) и 2 (H₂O) {{пример|}}

==== Синонимы ====
# 
# 

==== Антонимы ====
# 
# 

==== Гиперонимы ====
# 
# 

==== Гипонимы ====
#
#

=== Фразеологизмы ===
* [[като две капки вода]]
* [[по-тих от водата, по-нисък от тревата]]

=== Родственные слова ===
{{родств-блок||
|существительные=[[воденица]], [[вододел]], [[водоливник]], [[вододайка]], [[водомер]], [[водомерка]], [[водород]]
|прилагательные=[[воден]], [[воднист]], [[вододаен]], [[водоносен]]
}}

=== Этимология ===
От {{этимология:вода|bg}}

{{unfinished|bg}}


= {{-mk-}} =

=== Морфологические и синтаксические свойства ===
{{сущ mk f|слоги={{по-слогам|во|да}}|вод}}

=== Произношение ===
{{transcription|}}

=== Семантические свойства ===
==== Значение ====
# вода в значении 1 (влага) и 2 (H₂O) {{пример|}}

=== Родственные слова ===
# [[водород]]

=== Этимология ===
От {{этимология:вода|mk}}

{{unfinished|mk}}


= {{-sr-}} =
{{wikipedia|lang=sr|Вода}}
=== Морфологические и синтаксические свойства ===
{{падежи sr
|Номинатив (ед)=вода
|Номинатив (мн)=воде
|Генитив (ед)=воде
|Генитив (мн)=вода
|Датив (ед)=води
|Датив (мн)=водама
|Акузатив (ед)=вода
|Акузатив (мн)=воде
|Вокатив (ед)=водо
|Вокатив (мн)=воде
|Инструментал (ед)=водом
|Инструментал (мн)=водама
|Локатив (ед)=водом
|Локатив (мн)=водама
|слоги={{по-слогам|во|да}}
|род=женский
}}

=== Произношение ===
{{transcription|ˌvɔda}}

=== Семантические свойства ===
==== Значение ====
# вода в значении 1 (влага) и 2 (H₂O) {{пример|}}

=== Родственные слова ===
* [[водоноша]], [[водњикав]], [[воденица]], [[водоник]]

=== Этимология ===
От {{этимология:вода|sr}}

{{unfinished|sr}}


= {{-slovio-}} =

=== Морфологические и синтаксические свойства ===
{{сущ slovio-c|слоги={{по-слогам|во|да}}|осн-к=вода|осн-л=voda|род=ж|морфо={{морфо|прист1=|корень1=вод|суфф1=|оконч=а}}}}


=== Произношение ===
{{transcription||}}

=== Семантические свойства ===

==== Значение ====
# {{помета?|slovio}} вода {{пример||перевод=}}
# 
#

==== Синонимы ====
# 
#

==== Антонимы ====
# 
#

==== Гиперонимы ====
# 
#

==== Гипонимы ====
# 
#

=== Родственные слова ===
{{родств-блок
|умласк=
|имена-собственные=
|существительные=[[водица]]
|прилагательные=
|числительные=
|глаголы=
|наречия=
}}

=== Устойчивые сочетания, фразеологизмы ===
* 

=== Этимология ===
От {{этимология:вода|slovio}}

{{unfinished|slovio}}

= {{-cu-}} =
=== Морфологические и синтаксические свойства ===
{{сущ cu (-а)|основа=вод|слоги={{по-слогам|во|да}}}}

=== Произношение ===
{{transcription|}}

=== Семантические свойства ===
==== Значение ====
Вода в значении 1.

=== Родственные слова ===

=== Этимология ===
От праиндоевр. [[*wodor]] (*wedor, *uder), от корня [[Корень:wed|*wed-]] — вода. Подробности см. этимологию русск. «вода».

{{stub|cu}}

= {{-uk-}} =
{{wikipedia|lang=uk|Вода}}

=== Морфологические и синтаксические свойства ===
{{сущ uk 1b f una|вод|вод|слоги={{по-слогам|во|да}}
}}

{{морфо|прист1=|корень1=вод|суфф1=|оконч=а}}

=== Произношение ===
{{transcription|}}

=== Семантические свойства ===
==== Значение ====
# вода в значении 1 (влага) и 2 (H₂O).

=== Фразеологизмы ===
* [[ані за холодну воду]]
* [[багато води спливло|багато/чимало води спливло/сплило/упливло/утекло]]
* [[буря у склянці води]]
* [[варити воду]]
* [[в вогонь і в воду]]
* [[взяла вода]]
* [[вивести на свіжу воду|вивести на свіжу/чисту воду]]
* [[вийти сухим з води]]
* [[вилами по воді|вилами по воді (писано)]]
* [[в ложці води не піймаєш|в ложці води не піймаєш/спіймаєш]]
* [[вода не відсвятиться]]/[[і вода відсвятиться]]
* [[водою не розілляти|водою не розілляти/розлити]]
* [[воду товкти]]
* [[все одно з мосту та в воду]]
* [[втопити в ложці води]]
* [[грішна вода]]
* [[кінці в воду]]
* [[з роси та з води]]
* [[і води не замутить]]/[[не закаламутити води]]
* [[і за холодну воду братись]]
* [[іти проти води]]
* [[каламутити воду]]
* [[канути у воду]]
* [[краще з мосту та в воду]]
* [[линути холодною водою]]/[[лити холодну воду за комір]]
* [[лити воду на млин]]
* [[лізти у воду, не знаючи броду]]
* [[ловити рибу в мутній воді|ловити рибу в мутній/каламутній воді]]
* [[лопнути, як булька на воді]]
* [[носити воду решетом|носити/міряти воду решетом]], [[решетом у воді зірки ловити]]
* [[мов вода вмила]]
* [[мов камінь у воду]]
* [[мов облитий зимною водою]]/[[мов холодною водою обдати]]
* [[набрати води в рот]]/[[як води в рот набрати]]
* [[на ясні зорі, на тихі води]]
* [[не братися ані за холодну воду]]
* [[немає промитої води]]
* [[перебиватися з хліба на воду|перебиватися з хліба/юшки на воду]]/[[посадити на хліб та воду]]
* [[пливти, куди вода несе]]
* [[пройти вогонь і воду|пройти (крізь) вогонь і воду (і мідні труби)]]
* [[сьома вода на киселі|сьома/десята вода на киселі]]
* [[тихший води, нижчий трави|тих(і)ший (від) води, нижчий (від) трави]]
* [[товкти воду в ступі]]
* [[хоч води напийся]]
* [[хоч водою розливай]]
* [[хоч з гори та в воду]]
* [[хоч з лиця води напийся|хоч з лиця води пий/напийся]]
* [[хоч у воду стрибай]]
* [[чистісінької води]]/[[чистої води]]
* [[як вода змила]]
* [[як водою облитий]]
* [[як дві каплі води]]
* [[як дідько свяченої води]]
* [[як з гусака вода|як з гусака/гуски вода]]
* [[як линули водою з льодом]]
* [[як лист за водою]]
* [[як плюнути на воду]]
* [[як риба з водою]]/[[як риба у воді]]
* [[як скупаний у мертвій воді]]
* [[як у воду глянути|як у воду глянути/дивитися]]
* [[як у воду опущений]]/[[як у воду шубовснути]]

=== Родственные слова ===
* уменьш.-ласк. формы: [[водиця]], [[водичка]], [[водиченька]]
* существительные: [[водень]], [[електроводонагрівач]], [[водогін]], [[водомір]], [[водолаз]], [[водопій]]
* прилагательные: [[водневий]], [[водний]]

=== Этимология ===
См. этимологию русск. «вода».

{{unfinished|uk}}

{{Избранная статья}}
{{длина слова|4|lang=ru}}
{{длина слова|4|lang=bg}}
{{длина слова|4|lang=mk}}
{{длина слова|4|lang=sr}}
{{длина слова|4|lang=uk}}

[[Категория:Вода]]
[[Категория:Вода/bg]]
[[Категория:Вода/mk]]
[[Категория:Вода/sr]]
[[Категория:Вода/uk]]
[[Категория:Вода/slovio]]

[[af:вода]]
[[ast:вода]]
[[az:вода]]
[[be:вода]]
[[bg:вода]]
[[cs:вода]]
[[csb:вода]]
[[cy:вода]]
[[da:вода]]
[[dv:вода]]
[[el:вода]]
[[en:вода]]
[[eo:вода]]
[[es:вода]]
[[et:вода]]
[[eu:вода]]
[[fa:вода]]
[[fi:вода]]
[[fj:вода]]
[[fr:вода]]
[[fy:вода]]
[[gl:вода]]
[[hi:вода]]
[[hr:вода]]
[[hu:вода]]
[[hy:вода]]
[[id:вода]]
[[io:вода]]
[[it:вода]]
[[iu:вода]]
[[ja:вода]]
[[km:вода]]
[[ko:вода]]
[[ku:вода]]
[[ky:вода]]
[[li:вода]]
[[lo:вода]]
[[lt:вода]]
[[lv:вода]]
[[mg:вода]]
[[na:вода]]
[[nl:вода]]
[[oc:вода]]
[[pl:вода]]
[[ps:вода]]
[[pt:вода]]
[[sr:вода]]
[[sv:вода]]
[[sw:вода]]
[[th:вода]]
[[tr:вода]]
[[ug:вода]]
[[uk:вода]]
[[zh:вода]]
[[zh-min-nan:вода]]</text>
    </revision>
  </page>
</mediawiki>
