<mediawiki xmlns="http://www.mediawiki.org/xml/export-0.7/" xmlns:xsi="http://www.w3.org/2001/XMLSchema-instance" xsi:schemaLocation="http://www.mediawiki.org/xml/export-0.7/ http://www.mediawiki.org/xml/export-0.7.xsd" version="0.7" xml:lang="ru">
  <siteinfo>
    <sitename>Викисловарь</sitename>
    <base>http://ru.wiktionary.org/wiki/%D0%97%D0%B0%D0%B3%D0%BB%D0%B0%D0%B2%D0%BD%D0%B0%D1%8F_%D1%81%D1%82%D1%80%D0%B0%D0%BD%D0%B8%D1%86%D0%B0</base>
    <generator>MediaWiki 1.20wmf5</generator>
    <case>case-sensitive</case>
    <namespaces>
      <namespace key="-2" case="case-sensitive">Медиа</namespace>
      <namespace key="-1" case="first-letter">Служебная</namespace>
      <namespace key="0" case="case-sensitive" />
      <namespace key="1" case="case-sensitive">Обсуждение</namespace>
      <namespace key="2" case="first-letter">Участник</namespace>
      <namespace key="3" case="first-letter">Обсуждение участника</namespace>
      <namespace key="4" case="case-sensitive">Викисловарь</namespace>
      <namespace key="5" case="case-sensitive">Обсуждение Викисловаря</namespace>
      <namespace key="6" case="case-sensitive">Файл</namespace>
      <namespace key="7" case="case-sensitive">Обсуждение файла</namespace>
      <namespace key="8" case="first-letter">MediaWiki</namespace>
      <namespace key="9" case="first-letter">Обсуждение MediaWiki</namespace>
      <namespace key="10" case="case-sensitive">Шаблон</namespace>
      <namespace key="11" case="case-sensitive">Обсуждение шаблона</namespace>
      <namespace key="12" case="case-sensitive">Справка</namespace>
      <namespace key="13" case="case-sensitive">Обсуждение справки</namespace>
      <namespace key="14" case="case-sensitive">Категория</namespace>
      <namespace key="15" case="case-sensitive">Обсуждение категории</namespace>
      <namespace key="100" case="case-sensitive">Приложение</namespace>
      <namespace key="101" case="case-sensitive">Обсуждение приложения</namespace>
      <namespace key="102" case="case-sensitive">Конкорданс</namespace>
      <namespace key="103" case="case-sensitive">Обсуждение конкорданса</namespace>
      <namespace key="104" case="case-sensitive">Индекс</namespace>
      <namespace key="105" case="case-sensitive">Обсуждение индекса</namespace>
      <namespace key="106" case="case-sensitive">Рифмы</namespace>
      <namespace key="107" case="case-sensitive">Обсуждение рифм</namespace>
    </namespaces>
  </siteinfo>
  <page>
    <title>вода</title>
    <ns>0</ns>
    <id>1465</id>
    <revision>
      <id>3186003</id>
      <timestamp>2012-05-05T23:03:47Z</timestamp>
      <contributor>
        <username>KamikazeBot</username>
        <id>39113</id>
      </contributor>
      <minor/>
      <comment>r2.7.2) (робот добавил: [[ps:вода]]</comment>
      <sha1>gy3dnialv09jg1pkerl5vfo6wifcvvv</sha1>
      <text xml:space="preserve" bytes="39688">== heading ==
{{tpl|[[ab]]|argb}}
{{tpl2|arg1=x|arg2=[http://xyz.de label]}}
[[en:Interwiki]]
[[internal|example]]
[http://example.com external]
{{{tplparam1}}}
{{{tplparam2|default}}}
http://example.com
* a item
'''it'''
''b''
{|
|-
! Überschrift !! Überschrift !! Überschrift
|-
| Beispiel1 || Beispiel2 || Beispiel3
|-
| Beispiel4 || Beispiel5 || Beispiel6
|-
| Beispiel7 || Beispiel8 || Beispiel9
|}

=== another section ===
# item1
# item2
</text>
    </revision>
  </page>
</mediawiki>

