
<mediawiki xmlns="http://www.mediawiki.org/xml/export-0.7/" xmlns:xsi="http://www.w3.org/2001/XMLSchema-instance" xsi:schemaLocation="http://www.mediawiki.org/xml/export-0.7/ http://www.mediawiki.org/xml/export-0.7.xsd" version="0.7" xml:lang="en">
  <siteinfo>
    <sitename>Wiktionary</sitename>
    <base>http://en.wiktionary.org/wiki/Wiktionary:Main_Page</base>
    <generator>MediaWiki 1.20wmf7</generator>
    <case>case-sensitive</case>
    <namespaces>
      <namespace key="-2" case="case-sensitive">Media</namespace>
      <namespace key="-1" case="first-letter">Special</namespace>
      <namespace key="0" case="case-sensitive" />
      <namespace key="1" case="case-sensitive">Talk</namespace>
      <namespace key="2" case="first-letter">User</namespace>
      <namespace key="3" case="first-letter">User talk</namespace>
      <namespace key="4" case="case-sensitive">Wiktionary</namespace>
      <namespace key="5" case="case-sensitive">Wiktionary talk</namespace>
      <namespace key="6" case="case-sensitive">File</namespace>
      <namespace key="7" case="case-sensitive">File talk</namespace>
      <namespace key="8" case="first-letter">MediaWiki</namespace>
      <namespace key="9" case="first-letter">MediaWiki talk</namespace>
      <namespace key="10" case="case-sensitive">Template</namespace>
      <namespace key="11" case="case-sensitive">Template talk</namespace>
      <namespace key="12" case="case-sensitive">Help</namespace>
      <namespace key="13" case="case-sensitive">Help talk</namespace>
      <namespace key="14" case="case-sensitive">Category</namespace>
      <namespace key="15" case="case-sensitive">Category talk</namespace>
      <namespace key="90" case="case-sensitive">Thread</namespace>
      <namespace key="91" case="case-sensitive">Thread talk</namespace>
      <namespace key="92" case="case-sensitive">Summary</namespace>
      <namespace key="93" case="case-sensitive">Summary talk</namespace>
      <namespace key="100" case="case-sensitive">Appendix</namespace>
      <namespace key="101" case="case-sensitive">Appendix talk</namespace>
      <namespace key="102" case="case-sensitive">Concordance</namespace>
      <namespace key="103" case="case-sensitive">Concordance talk</namespace>
      <namespace key="104" case="case-sensitive">Index</namespace>
      <namespace key="105" case="case-sensitive">Index talk</namespace>
      <namespace key="106" case="case-sensitive">Rhymes</namespace>
      <namespace key="107" case="case-sensitive">Rhymes talk</namespace>
      <namespace key="108" case="case-sensitive">Transwiki</namespace>
      <namespace key="109" case="case-sensitive">Transwiki talk</namespace>
      <namespace key="110" case="case-sensitive">Wikisaurus</namespace>
      <namespace key="111" case="case-sensitive">Wikisaurus talk</namespace>
      <namespace key="114" case="case-sensitive">Citations</namespace>
      <namespace key="115" case="case-sensitive">Citations talk</namespace>
      <namespace key="116" case="case-sensitive">Sign gloss</namespace>
      <namespace key="117" case="case-sensitive">Sign gloss talk</namespace>
    </namespaces>
  </siteinfo>
  <page>
    <title>gratis</title>
    <ns>0</ns>
    <id>41</id>
    <revision>
      <id>17000830</id>
      <parentid>16944575</parentid>
      <timestamp>2012-06-24T02:55:39Z</timestamp>
      <contributor>
        <username>Luckas-bot</username>
        <id>69685</id>
      </contributor>
      <minor/>
      <comment>r2.7.2) (Robot: Adding [[es:gratis]], [[th:gratis]]</comment>
      <sha1>7dcbi8jm2akm3xx1hixt4zmgi6jhy49</sha1>
      <text xml:space="preserve" bytes="5693">{{also|grátis}}
==English==

===Etymology===
From {{etyl|la}} ''[[#Latin|gratis]]''.

===Pronunciation===
* {{a|UK}} {{IPA|/ˈɡɹɑː.tɪs/}} {{X-SAMPA|/&quot;grA:.tIs/}}

===Adverb===
{{en-adv|-}}

# [[free]], without [[charge]]

====Translations====
{{trans-top|free, without charge}}
* Czech: {{t|cs|zdarma}}, {{t|cs|bezplatně}}
* Danish: {{t|da|gratis}}
* Dutch: {{t|nl|gratis}}
* Georgian: {{t|ka|უფასოდ|tr=up'asod|sc=Geor}}
* Hebrew: {{t|he|חינם|tr=khinám|sc=Hebr}}
* Romanian: {{t|ro|gratis}}
{{trans-mid}}
* Russian: {{t+|ru|бесплатно|tr=besplátno}}, {{t+|ru|даром|tr=dárom}} (colloquial), {{t|ru|безвозмездно|tr=bezvozmézdno}}
* Scottish Gaelic: {{t-|gd|an asgaidh|xs=Scottish Gaelic}}
* Spanish: {{t-|es|gratis}}
* Swedish: {{t|sv|gratis}}
* Turkish: {{t|tr|ücretsiz}}
{{trans-bottom}}

===Adjective===
{{en-adj|-}}

# [[free]], without [[charge]]

====Synonyms====
* [[free as in beer]] {{qualifier|used in the free software movement to distinguish from ''[[libre]]'', &quot;[[free as in speech]]&quot;}}

====Related terms====
* [[gratuity]]
* [[gratuitous]]

====Translations====
{{trans-top|free, without charge}}
* Afrikaans: [[gratis#Afrikaans|gratis]], [[verniet]], [[kosteloos]]
* Arabic: [[Magannan#Arabic|مجانا]]
* Czech: {{t-|cs|zdarma}}, {{t-|cs|zadarmo}}
* Danish: {{t-|da|gratis}}
* Dutch: [[gratis#Dutch|gratis]], [[kostenloos]]
* Esperanto: {{t-|eo|senpage|xs=Esperanto}}
* Finnish: {{t+|fi|ilmainen}}, {{t-|fi|ilmaiseksi}}
* French: {{t+|fr|gratuit}}
* Georgian: {{t|ka|უფასო|tr=up'aso|sc=Geor}}
* German: [[gratis#German|gratis]], [[kostenlos]], [[frei]], [[kostenfrei]]
* Hebrew: {{t-|he|חינם}}, {{t-|he|בחינם}}
* Indonesian: {{t+|id|gratis|xs=Indonesian}}
{{trans-mid}}
* Italian: {{t+|it|gratis}}
* Kurdish:
*: Sorani: {{t|ku|خۆڕایی|tr=xorrayí|sc=ku-Arab}}
* Lithuanian: {{t+|lt|nemokamas|xs=Lithuanian}}
* Norwegian: {{t+|no|gratis}}
* Polish: {{t+|pl|gratis}}
* Portuguese: {{t+|pt|grátis}}
* Romanian: {{t-|ro|gratis}}
* Russian: {{t+|ru|бесплатный}}, {{t+|ru|даровой}}, {{t|ru|безвозмездный}}
* Spanish: {{t-|es|gratis}}
* Swedish: {{t+|sv|gratis}}, {{t-|sv|kostnadsfri}}
* Turkish: {{t|tr|ücretsiz}}
{{trans-bottom}}

====See also====
* [[libre]]

[[Category:English terms derived from Latin]]
[[Category:en:Economics]]

----

==Afrikaans==

===Adverb===
'''gratis'''

# [[free]], without [[charge]]

[[Category:Afrikaans adverbs]]

----

==Catalan==

===Verb===
{{head|ca|verb form}}

# {{ca-verb form of|p=2|n=sg|t=pres|m=sub|gratar}}

----

==Danish==

{{rfap|lang=da}}
===Pronunciation===
* {{IPA|/ɡraːtis/|[ˈɡ̊ʁɑːd̥is]|lang=da}}

===Adjective===
{{head|da|adjective|indeclinable}}

# {{l|en|gratis}}, [[free]] {{gloss|obtainable without payment}}
# {{qualifier|adverbial}} {{l|en|gratis}}, [[free]] {{gloss|without needing to pay}}

----

==Dutch==

===Pronunciation===
* {{a|Netherlands}} {{IPA|/ˈɣraːtɪs/|lang=nl}}
* {{a|Belgium}} {{IPA|/ˈʝraːtɪs/|lang=nl}}
* {{audio|Nl-gratis.ogg|audio}}

===Adjective===
{{nl-adj|-}}

# [[free]], without [[charge]]

====Declension====
{{nl-decl-adj-nc|-|gratis}}

----

==German==

===Adverb===
'''gratis'''

# [[free]], without [[charge]]

[[Category:German adverbs]]

----

==Italian==

===Etymology===
From {{etyl|la|it}} {{term|gratis|lang=la}}

===Adverb===
{{head|it|adverb}}

# [[gratis#English|gratis]]

====Synonyms====
* [[gratuitamente]]

===Adjective===
{{head|it|adjective}} {{inv}}

# [[free]]

====Synonyms====
* [[gratuito]]

===Anagrams===
* [[stragi#Italian|stragi]]

----

==Latin==

===Adverb===
{{la-adv|gratis|grātīs|-}}

# out of favor or kindness, without recompense or compensation, [[gratuitously]]

====Synonyms====
* [[gratuito#Latin|grātuītō]]

====Related terms====
{{top3}}
* [[grate#Latin|grātē]]
* [[grates#Latin|grātēs]]
* [[gratia|grātia]]
* [[gratificatio|grātificātiō]]
{{mid3}}
* [[gratificor|grātificor]]
* [[gratiis|grātiīs]]
* [[gratiosus|grātiōsus]]
* [[grator|grātor]]
{{mid3}}
* [[gratuitus|grātuītus]]
* [[gratulatio|grātulātiō]]
* [[gratulor|grātulor]]
* [[gratus|grātus]]
{{bottom}}

====Descendants====
{{top2}}
* Catalan: [[#Catalan|gratis]]
* English: [[#English|gratis]]
* French: [[#French|gratis]]
* German: [[#German|gratis]]
{{mid2}}
* Italian: [[#Italian|gratis]]
* Romanian: [[#Romanian|gratis]]
* Spanish: [[#Spanish|gratis]]
{{bottom}}

===References===
* Charlton T. Lewis ('''1891''') ''An Elementary Latin Dictionary'', 1st edition. (Oxford University Press)

----

==Norwegian==

===Adjective===
{{head|no|adjective}}

# [[free]] (obtainable without payment)

----

==Romanian==

===Etymology===
{{etyl|la|ro}} ''[[#Latin|gratis]]''

===Pronunciation===
* {{IPA|[ˈɡra.tis]|lang=ro}}

===Adverb===
{{ro-adv}}

# [[free of charge]], [[for free]]

----

==Spanish==

===Etymology===
From {{etyl|la|es}} {{term|gratis|lang=la}}

===Adverb===
'''gratis'''

# [[free]], without [[charge]]

[[Category:Spanish adverbs]]

----

==Swedish==

===Pronunciation===
* {{audio|Sv-gratis.ogg|audio}}

===Adverb===
{{sv-adv|-}}

# [[free]], without [[charge]]

===Adjective===
{{head|sv|adjective|not inflected, not comparable}}

# [[free]], without [[charge]]

[[cs:gratis]]
[[da:gratis]]
[[de:gratis]]
[[et:gratis]]
[[el:gratis]]
[[es:gratis]]
[[eu:gratis]]
[[fr:gratis]]
[[fy:gratis]]
[[gl:gratis]]
[[ko:gratis]]
[[io:gratis]]
[[id:gratis]]
[[it:gratis]]
[[kn:gratis]]
[[ku:gratis]]
[[hu:gratis]]
[[ml:gratis]]
[[my:gratis]]
[[nl:gratis]]
[[ja:gratis]]
[[no:gratis]]
[[pl:gratis]]
[[pt:gratis]]
[[ru:gratis]]
[[sk:gratis]]
[[fi:gratis]]
[[sv:gratis]]
[[ta:gratis]]
[[te:gratis]]
[[th:gratis]]
[[vi:gratis]]
[[zh:gratis]]</text>
    </revision>
  </page>
</mediawiki>

