
<mediawiki xmlns="http://www.mediawiki.org/xml/export-0.7/" xmlns:xsi="http://www.w3.org/2001/XMLSchema-instance" xsi:schemaLocation="http://www.mediawiki.org/xml/export-0.7/ http://www.mediawiki.org/xml/export-0.7.xsd" version="0.7" xml:lang="ru">
  <siteinfo>
    <sitename>Викисловарь</sitename>
    <base>http://ru.wiktionary.org/wiki/%D0%97%D0%B0%D0%B3%D0%BB%D0%B0%D0%B2%D0%BD%D0%B0%D1%8F_%D1%81%D1%82%D1%80%D0%B0%D0%BD%D0%B8%D1%86%D0%B0</base>
    <generator>MediaWiki 1.20wmf6</generator>
    <case>case-sensitive</case>
    <namespaces>
      <namespace key="-2" case="case-sensitive">Медиа</namespace>
      <namespace key="-1" case="first-letter">Служебная</namespace>
      <namespace key="0" case="case-sensitive" />
      <namespace key="1" case="case-sensitive">Обсуждение</namespace>
      <namespace key="2" case="first-letter">Участник</namespace>
      <namespace key="3" case="first-letter">Обсуждение участника</namespace>
      <namespace key="4" case="case-sensitive">Викисловарь</namespace>
      <namespace key="5" case="case-sensitive">Обсуждение Викисловаря</namespace>
      <namespace key="6" case="case-sensitive">Файл</namespace>
      <namespace key="7" case="case-sensitive">Обсуждение файла</namespace>
      <namespace key="8" case="first-letter">MediaWiki</namespace>
      <namespace key="9" case="first-letter">Обсуждение MediaWiki</namespace>
      <namespace key="10" case="case-sensitive">Шаблон</namespace>
      <namespace key="11" case="case-sensitive">Обсуждение шаблона</namespace>
      <namespace key="12" case="case-sensitive">Справка</namespace>
      <namespace key="13" case="case-sensitive">Обсуждение справки</namespace>
      <namespace key="14" case="case-sensitive">Категория</namespace>
      <namespace key="15" case="case-sensitive">Обсуждение категории</namespace>
      <namespace key="100" case="case-sensitive">Приложение</namespace>
      <namespace key="101" case="case-sensitive">Обсуждение приложения</namespace>
      <namespace key="102" case="case-sensitive">Конкорданс</namespace>
      <namespace key="103" case="case-sensitive">Обсуждение конкорданса</namespace>
      <namespace key="104" case="case-sensitive">Индекс</namespace>
      <namespace key="105" case="case-sensitive">Обсуждение индекса</namespace>
      <namespace key="106" case="case-sensitive">Рифмы</namespace>
      <namespace key="107" case="case-sensitive">Обсуждение рифм</namespace>
    </namespaces>
  </siteinfo>
  <page>
    <title>go</title>
    <ns>0</ns>
    <id>982</id>
    <revision>
      <id>3216193</id>
      <parentid>3187269</parentid>
      <timestamp>2012-06-13T08:58:20Z</timestamp>
      <contributor>
        <username>Maks Stirlitz</username>
        <id>40631</id>
      </contributor>
      <comment>/* Фразеологизмы и устойчивые сочетания */ дополнение</comment>
      <sha1>blctsygyvv7m7mtjdizwtd0zyvjh6lm</sha1>
      <text xml:space="preserve" bytes="13120">= {{-en-}} =
== go I ==
=== Морфологические и синтаксические свойства ===
{{гл en irreg
|слоги={{по-слогам|go|}}
|go|goes|went|gone|going
}}

{{морфо|прист1=|корень1=go|суфф1=|оконч=|частица=}}

=== Произношение ===
{{transcription|gəu}} {{медиа|en-us-go.ogg}}

=== Семантические свойства ===

==== Значение ====
# [[идти]]/[[ходить]], [[ездить]], [[передвигаться]] ''(по направлению от говорящего)'' {{пример|Why don't you {{выдел|go}} with us?|перевод=Почему Вы не {{выдел|идёте}} с нами?}}
# [[исчезать]], [[пропадать]], [[проходить]] {{пример|My blue shirt {{выдел|is gone}}.|перевод=Моя голубая рубашка {{выдел|пропала}}.}} {{пример|My symptoms {{выдел|are gone}}, and I am feeling great.|перевод=Симптомы {{выдел|исчезли}}, и я чувствую себя превосходно.}}
# [[сломаться]], [[рухнуть]], [[свалиться]], [[обрушиться]], [[податься]] {{пример|The platform {{выдел|went}}.|перевод=Трибуна {{выдел|обрушилась}}.}}
# ''(о машинах, приборах)'' [[работать]], [[функционировать]] {{пример|Please set the clock {{выдел|going}}.|перевод=Пожалуйста, заведи часы.}}
# [[подходить]] [[куда-либо]], [[на]] [[какое-либо]] [[место]], [[быть под стать]] ([[чему-либо]]) {{пример|The blue scarf {{выдел|goes}} well with your blouse.|перевод=Этот голубой шарф хорошо {{выдел|подходит}} к вашей блузке.}} {{пример|This piece of the jigsaw {{выдел|goes}} here.|перевод=Этот фрагмент головоломки {{выдел|подходит}} сюда.}}
# [[располагаться]], [[находиться]], [[быть]], [[класть]] ([[класться]]), [[ставить]]([[ставиться]]) [[на]] [[определённое]] [[место]]; [[постоянно]] [[храниться]] {{пример|My shirts {{выдел|go}} on this side of the wardrobe and my suits {{выдел|go}} on the other.|перевод=}}   {{пример|Where is this carpet to {{выдел|go}}?|перевод=Куда {{выдел|постелить}} этот  ковёр?}}
# ''(в настольных играх и т.п.)'' [[ходить]] {{пример||перевод=}}
# {{разг.|en}} [[ходить в туалет]] {{пример|I really have to go.|перевод=}} {{пример|Have you managed to go today, Mrs Miggins?|перевод=}}
# (амер., разг.) [[рассказывать]], [[говорить]] {{пример||перевод=}}
# [[развиваться]], [[превращаться]] [[во]] [[что-либо]] [[в]] [[процесс]]е [[развития]] {{пример||перевод=}}
# умещаться, укладываться, пролезать {{пример|Six into twelve {{выдел|goes}} twice.|перевод=Шесть в двенадцати {{выдел|содержится}} два раза}}  {{пример|The thread is too thick to {{выдел|go}} into the needle.|перевод=Эта нитка слишком толста, чтобы {{выдел|пролезть}} в иголку.}}
#

==== Синонимы ====
# [[move]]
# [[disappear]]
# [[disintegrate]], [[be destroyed]]
# [[function]], [[work]] 
# [[fit]]
# [[belong]]
# [[move]], [[make one's move]], [[take one's turn]] 
# [[pee]]
# [[tell]]
# -


==== Антонимы ====
#

==== Гиперонимы ====
#

==== Гипонимы ====

=== Родственные слова ===
{{родств-блок
|умласк=
|уничиж=
|увелич=
|имена-собственные=
|существительные=[[merry-go-round]], [[go-ahead]], [[go-around]]
|прилагательные=
|числительные=
|местоимения=
|глаголы=
|наречия=
|предикативы=
|предлоги=
}}

=== Этимология ===
Происходит от {{этимология:|}}
*go: от староангл. ''gâ''
*went: от староангл. ''wendan''
*gone: от староангл. ''egán''

'''»''' [[:wikipedia:go etymology|Подробная статья в Википедии о происхождении слова ''go'']]

=== Фразеологизмы и устойчивые сочетания ===
* [[go down]]
* [[go out]]
* [[go off]]
* [[go well with]]
* [[as we go]]
* [[go out of one's way]]
* [[go ahead]]
* [[go about something]]
* [[go against something]]

=== Библиография ===
*

{{unfinished|en}}
{{categ|lang=en|Глаголы движения}}

== go II ==

=== Морфологические и синтаксические свойства ===
{{сущ en
|слоги={{по-слогам|go||}}
}}

{{морфо|прист1=|корень1=|суфф1=|оконч=|частица=}}

=== Произношение ===
{{transcriptions|gəu|gəuz}}

=== Семантические свойства ===

==== Значение ====
# [[попытка]] {{пример|I'll give it a {{выдел|go}}.|перевод=}}
# [[очередь]] {{пример|You've been on the merry-go-round long enough — now let your brother have a {{выдел|go}}.|перевод=}}
# ''(в наст. играх и пр.)'' [[ход]] {{пример|It's your {{выдел|go}}.|перевод=}}
# {{разг.|en}) [[мочеиспускание]] {{пример||перевод=}}
# [[го]] (восточно-азиатская настольная игра) {{пример||перевод=}}
#

==== Синонимы ====
#
#

==== Антонимы ====
#
#

==== Гиперонимы ====
#
#

==== Гипонимы ====
#
#

=== Родственные слова ===
{{родств-блок
|умласк=
|уничиж=
|увелич=
|имена-собственные=
|существительные=
|прилагательные=
|числительные=
|местоимения=
|глаголы=
|наречия=
|предикативы=
|предлоги=
}}

=== Этимология ===
Происходит от {{этимология:|}}

От староангл. ''gâ'', от восточногерм. [[*gai-]]/[[*gæ-]], ср. норв. [[gå]], нем. [[gehen]] и т. п. Далее от праиндоевр. [[*ghei-]]. Не исключено родство с санскр. ''jihit''.

'''»''' [[:wikipedia:go etymology|Подробная статья в Википедии о происхождении слова ''go'']]

=== Фразеологизмы и устойчивые сочетания ===
* [[make a go at]] 
* [[on the go]]
* [[be on the go]]
* [[have someone on the go]]
* [[have something on the go]]


=== Библиография ===
*

{{unfinished|en}}
{{categ|lang=en|}}

= {{-it-}} =

=== Морфологические и синтаксические свойства ===
{{сущ it
|слоги={{по-слогам|go||}}
}}

{{морфо|прист1=|корень1=|суфф1=|оконч=|частица=}}

=== Произношение ===
{{transcriptions||}}

=== Семантические свойства ===

==== Значение ====
# [[го]] ''(настольная игра)'' {{пример||перевод=}}
#

==== Синонимы ====
#
#

==== Антонимы ====
#
#

==== Гиперонимы ====
#
#

==== Гипонимы ====
#
#

=== Родственные слова ===
{{родств-блок
|умласк=
|уничиж=
|увелич=
|имена-собственные=
|существительные=
|прилагательные=
|числительные=
|местоимения=
|глаголы=
|наречия=
|предикативы=
|предлоги=
}}

=== Этимология ===
Происходит от {{этимология:|}}

=== Фразеологизмы и устойчивые сочетания ===
*

=== Библиография ===
*

{{unfinished|it}}
{{categ|lang=it|}}
{{длина слова|2|lang=it}}

= {{-nl-}} =

=== Морфологические и синтаксические свойства ===
{{сущ nl
|слоги={{по-слогам|go||}}
}}

{{морфо|прист1=|корень1=|суфф1=|оконч=|частица=}}

=== Произношение ===
{{transcriptions||}}

=== Семантические свойства ===

==== Значение ====
# [[го]] ''(настольная игра)'' {{пример||перевод=}}
#

==== Синонимы ====
#
#

==== Антонимы ====
#
#

==== Гиперонимы ====
#
#

==== Гипонимы ====
#
#

=== Родственные слова ===
{{родств-блок
|умласк=
|уничиж=
|увелич=
|имена-собственные=
|существительные=
|прилагательные=
|числительные=
|местоимения=
|глаголы=
|наречия=
|предикативы=
|предлоги=
}}

=== Этимология ===
Происходит от {{этимология:|}}

=== Фразеологизмы и устойчивые сочетания ===
*

=== Библиография ===
*

{{unfinished|nl}}
{{categ|lang=nl|}}
{{длина слова|2|lang=nl}}

= {{-romaji-}} =
* хирагана: [[ご]]
== Числительное ==
&lt;font size=&quot;+2&quot;&gt;[[五]]&lt;/font&gt;
==== Значение ====
# [[пять]]

== Существительное 1 ==
&lt;font size=&quot;+2&quot;&gt;[[語]]&lt;/font&gt;
==== Значение ====
# [[язык]] общения ([[устный]])

== Существительное 2 ==
&lt;font size=&quot;+2&quot;&gt;[[碁]]&lt;/font&gt;
==== Значение ====
# [[го]], настольная [[игра]]

= {{-fr-}} =

=== Морфологические и синтаксические свойства ===
{{сущ fr
|слоги={{по-слогам|go||}}
}}

{{морфо|прист1=|корень1=|суфф1=|оконч=|частица=}}

=== Произношение ===
{{transcriptions||}}

=== Семантические свойства ===

==== Значение ====
# [[го]] ''(настольная игра)'' {{пример||перевод=}}
#

==== Синонимы ====
#
#

==== Антонимы ====
#
#

==== Гиперонимы ====
#
#

==== Гипонимы ====
#
#

=== Родственные слова ===
{{родств-блок
|умласк=
|уничиж=
|увелич=
|имена-собственные=
|существительные=
|прилагательные=
|числительные=
|местоимения=
|глаголы=
|наречия=
|предикативы=
|предлоги=
}}

=== Этимология ===
Происходит от {{этимология:|}}

=== Фразеологизмы и устойчивые сочетания ===
*

=== Библиография ===
*

{{unfinished|fr}}
{{categ|lang=fr|}}
{{длина слова|2|lang=en}}
{{длина слова|2|lang=fr}}

= {{-cs-}} =

=== Морфологические и синтаксические свойства ===
{{сущ cs
|слоги={{по-слогам|go||}}
}}

{{морфо|прист1=|корень1=|суфф1=|оконч=|частица=}}

=== Произношение ===
{{transcriptions||}}

=== Семантические свойства ===

==== Значение ====
# [[го]] ''(настольная игра)'' {{пример||перевод=}}
#

==== Синонимы ====
#
#

==== Антонимы ====
#
#

==== Гиперонимы ====
#
#

==== Гипонимы ====
#
#

=== Родственные слова ===
{{родств-блок
|умласк=
|уничиж=
|увелич=
|имена-собственные=
|существительные=
|прилагательные=
|числительные=
|местоимения=
|глаголы=
|наречия=
|предикативы=
|предлоги=
}}

=== Этимология ===
Происходит от {{этимология:|}}

=== Фразеологизмы и устойчивые сочетания ===
*

=== Библиография ===
*

{{unfinished|cs}}
{{categ|lang=cs|}}
{{длина слова|2|lang=cs}}

[[am:go]]
[[ang:go]]
[[ar:go]]
[[az:go]]
[[br:go]]
[[ca:go]]
[[cs:go]]
[[cy:go]]
[[da:go]]
[[de:go]]
[[el:go]]
[[en:go]]
[[eo:go]]
[[es:go]]
[[et:go]]
[[eu:go]]
[[fa:go]]
[[fi:go]]
[[fr:go]]
[[gl:go]]
[[hr:go]]
[[hu:go]]
[[hy:go]]
[[io:go]]
[[it:go]]
[[ja:go]]
[[kk:go]]
[[kn:go]]
[[ko:go]]
[[ku:go]]
[[la:go]]
[[li:go]]
[[lo:go]]
[[lt:go]]
[[lv:go]]
[[mg:go]]
[[ml:go]]
[[my:go]]
[[nl:go]]
[[no:go]]
[[oc:go]]
[[pl:go]]
[[pt:go]]
[[ro:go]]
[[si:go]]
[[simple:go]]
[[sq:go]]
[[sv:go]]
[[sw:go]]
[[ta:go]]
[[te:go]]
[[th:go]]
[[tl:go]]
[[tn:go]]
[[tr:go]]
[[uk:go]]
[[vi:go]]
[[vo:go]]
[[zh:go]]</text>
    </revision>
  </page>
</mediawiki>

